CRITICAL - 2023-11-04 08:37:10 --> Undefined variable $product
in APPPATH\Views\tables.php on line 263.
 1 APPPATH\Views\tables.php(263): CodeIgniter\Debug\Exceptions->errorHandler(2, 'Undefined variable $product', 'C:\\laragon\\www\\ebike\\app\\Views\\tables.php', 263)
 2 SYSTEMPATH\View\View.php(226): include('C:\\laragon\\www\\ebike\\app\\Views\\tables.php')
 3 SYSTEMPATH\View\View.php(229): CodeIgniter\View\View->CodeIgniter\View\{closure}()
 4 SYSTEMPATH\Common.php(1188): CodeIgniter\View\View->render('tables', [], true)
 5 APPPATH\Controllers\AdminController.php(38): view('tables')
 6 SYSTEMPATH\CodeIgniter.php(919): App\Controllers\AdminController->tables()
 7 SYSTEMPATH\CodeIgniter.php(494): CodeIgniter\CodeIgniter->runController(Object(App\Controllers\AdminController))
 8 SYSTEMPATH\CodeIgniter.php(353): CodeIgniter\CodeIgniter->handleRequest(null, Object(Config\Cache), false)
 9 FCPATH\index.php(79): CodeIgniter\CodeIgniter->run()
10 SYSTEMPATH\Commands\Server\rewrite.php(47): require_once('C:\\laragon\\www\\ebike\\public\\index.php')
CRITICAL - 2023-11-04 08:37:17 --> Undefined variable $product
in APPPATH\Views\tables.php on line 263.
 1 APPPATH\Views\tables.php(263): CodeIgniter\Debug\Exceptions->errorHandler(2, 'Undefined variable $product', 'C:\\laragon\\www\\ebike\\app\\Views\\tables.php', 263)
 2 SYSTEMPATH\View\View.php(226): include('C:\\laragon\\www\\ebike\\app\\Views\\tables.php')
 3 SYSTEMPATH\View\View.php(229): CodeIgniter\View\View->CodeIgniter\View\{closure}()
 4 SYSTEMPATH\Common.php(1188): CodeIgniter\View\View->render('tables', [], true)
 5 APPPATH\Controllers\AdminController.php(38): view('tables')
 6 SYSTEMPATH\CodeIgniter.php(919): App\Controllers\AdminController->tables()
 7 SYSTEMPATH\CodeIgniter.php(494): CodeIgniter\CodeIgniter->runController(Object(App\Controllers\AdminController))
 8 SYSTEMPATH\CodeIgniter.php(353): CodeIgniter\CodeIgniter->handleRequest(null, Object(Config\Cache), false)
 9 FCPATH\index.php(79): CodeIgniter\CodeIgniter->run()
10 SYSTEMPATH\Commands\Server\rewrite.php(47): require_once('C:\\laragon\\www\\ebike\\public\\index.php')
CRITICAL - 2023-11-04 08:37:32 --> Undefined variable $product
in APPPATH\Views\tables.php on line 270.
 1 APPPATH\Views\tables.php(270): CodeIgniter\Debug\Exceptions->errorHandler(2, 'Undefined variable $product', 'C:\\laragon\\www\\ebike\\app\\Views\\tables.php', 270)
 2 SYSTEMPATH\View\View.php(226): include('C:\\laragon\\www\\ebike\\app\\Views\\tables.php')
 3 SYSTEMPATH\View\View.php(229): CodeIgniter\View\View->CodeIgniter\View\{closure}()
 4 SYSTEMPATH\Common.php(1188): CodeIgniter\View\View->render('tables', [], true)
 5 APPPATH\Controllers\AdminController.php(38): view('tables')
 6 SYSTEMPATH\CodeIgniter.php(919): App\Controllers\AdminController->tables()
 7 SYSTEMPATH\CodeIgniter.php(494): CodeIgniter\CodeIgniter->runController(Object(App\Controllers\AdminController))
 8 SYSTEMPATH\CodeIgniter.php(353): CodeIgniter\CodeIgniter->handleRequest(null, Object(Config\Cache), false)
 9 FCPATH\index.php(79): CodeIgniter\CodeIgniter->run()
10 SYSTEMPATH\Commands\Server\rewrite.php(47): require_once('C:\\laragon\\www\\ebike\\public\\index.php')
CRITICAL - 2023-11-04 08:37:52 --> Undefined variable $product
in APPPATH\Views\tables.php on line 270.
 1 APPPATH\Views\tables.php(270): CodeIgniter\Debug\Exceptions->errorHandler(2, 'Undefined variable $product', 'C:\\laragon\\www\\ebike\\app\\Views\\tables.php', 270)
 2 SYSTEMPATH\View\View.php(226): include('C:\\laragon\\www\\ebike\\app\\Views\\tables.php')
 3 SYSTEMPATH\View\View.php(229): CodeIgniter\View\View->CodeIgniter\View\{closure}()
 4 SYSTEMPATH\Common.php(1188): CodeIgniter\View\View->render('tables', [], true)
 5 APPPATH\Controllers\AdminController.php(38): view('tables')
 6 SYSTEMPATH\CodeIgniter.php(919): App\Controllers\AdminController->tables()
 7 SYSTEMPATH\CodeIgniter.php(494): CodeIgniter\CodeIgniter->runController(Object(App\Controllers\AdminController))
 8 SYSTEMPATH\CodeIgniter.php(353): CodeIgniter\CodeIgniter->handleRequest(null, Object(Config\Cache), false)
 9 FCPATH\index.php(79): CodeIgniter\CodeIgniter->run()
10 SYSTEMPATH\Commands\Server\rewrite.php(47): require_once('C:\\laragon\\www\\ebike\\public\\index.php')
CRITICAL - 2023-11-04 08:40:42 --> Undefined variable $product
in APPPATH\Views\tables.php on line 217.
 1 APPPATH\Views\tables.php(217): CodeIgniter\Debug\Exceptions->errorHandler(2, 'Undefined variable $product', 'C:\\laragon\\www\\ebike\\app\\Views\\tables.php', 217)
 2 SYSTEMPATH\View\View.php(226): include('C:\\laragon\\www\\ebike\\app\\Views\\tables.php')
 3 SYSTEMPATH\View\View.php(229): CodeIgniter\View\View->CodeIgniter\View\{closure}()
 4 SYSTEMPATH\Common.php(1188): CodeIgniter\View\View->render('tables', [], true)
 5 APPPATH\Controllers\AdminController.php(38): view('tables')
 6 SYSTEMPATH\CodeIgniter.php(919): App\Controllers\AdminController->tables()
 7 SYSTEMPATH\CodeIgniter.php(494): CodeIgniter\CodeIgniter->runController(Object(App\Controllers\AdminController))
 8 SYSTEMPATH\CodeIgniter.php(353): CodeIgniter\CodeIgniter->handleRequest(null, Object(Config\Cache), false)
 9 FCPATH\index.php(79): CodeIgniter\CodeIgniter->run()
10 SYSTEMPATH\Commands\Server\rewrite.php(47): require_once('C:\\laragon\\www\\ebike\\public\\index.php')
CRITICAL - 2023-11-04 08:40:57 --> Undefined variable $product
in APPPATH\Views\tables.php on line 213.
 1 APPPATH\Views\tables.php(213): CodeIgniter\Debug\Exceptions->errorHandler(2, 'Undefined variable $product', 'C:\\laragon\\www\\ebike\\app\\Views\\tables.php', 213)
 2 SYSTEMPATH\View\View.php(226): include('C:\\laragon\\www\\ebike\\app\\Views\\tables.php')
 3 SYSTEMPATH\View\View.php(229): CodeIgniter\View\View->CodeIgniter\View\{closure}()
 4 SYSTEMPATH\Common.php(1188): CodeIgniter\View\View->render('tables', [], true)
 5 APPPATH\Controllers\AdminController.php(38): view('tables')
 6 SYSTEMPATH\CodeIgniter.php(919): App\Controllers\AdminController->tables()
 7 SYSTEMPATH\CodeIgniter.php(494): CodeIgniter\CodeIgniter->runController(Object(App\Controllers\AdminController))
 8 SYSTEMPATH\CodeIgniter.php(353): CodeIgniter\CodeIgniter->handleRequest(null, Object(Config\Cache), false)
 9 FCPATH\index.php(79): CodeIgniter\CodeIgniter->run()
10 SYSTEMPATH\Commands\Server\rewrite.php(47): require_once('C:\\laragon\\www\\ebike\\public\\index.php')
CRITICAL - 2023-11-04 08:41:29 --> Undefined variable $product
in APPPATH\Views\tables.php on line 214.
 1 APPPATH\Views\tables.php(214): CodeIgniter\Debug\Exceptions->errorHandler(2, 'Undefined variable $product', 'C:\\laragon\\www\\ebike\\app\\Views\\tables.php', 214)
 2 SYSTEMPATH\View\View.php(226): include('C:\\laragon\\www\\ebike\\app\\Views\\tables.php')
 3 SYSTEMPATH\View\View.php(229): CodeIgniter\View\View->CodeIgniter\View\{closure}()
 4 SYSTEMPATH\Common.php(1188): CodeIgniter\View\View->render('tables', [], true)
 5 APPPATH\Controllers\AdminController.php(38): view('tables')
 6 SYSTEMPATH\CodeIgniter.php(919): App\Controllers\AdminController->tables()
 7 SYSTEMPATH\CodeIgniter.php(494): CodeIgniter\CodeIgniter->runController(Object(App\Controllers\AdminController))
 8 SYSTEMPATH\CodeIgniter.php(353): CodeIgniter\CodeIgniter->handleRequest(null, Object(Config\Cache), false)
 9 FCPATH\index.php(79): CodeIgniter\CodeIgniter->run()
10 SYSTEMPATH\Commands\Server\rewrite.php(47): require_once('C:\\laragon\\www\\ebike\\public\\index.php')
CRITICAL - 2023-11-04 08:41:56 --> Undefined variable $product
in APPPATH\Views\tables.php on line 222.
 1 APPPATH\Views\tables.php(222): CodeIgniter\Debug\Exceptions->errorHandler(2, 'Undefined variable $product', 'C:\\laragon\\www\\ebike\\app\\Views\\tables.php', 222)
 2 SYSTEMPATH\View\View.php(226): include('C:\\laragon\\www\\ebike\\app\\Views\\tables.php')
 3 SYSTEMPATH\View\View.php(229): CodeIgniter\View\View->CodeIgniter\View\{closure}()
 4 SYSTEMPATH\Common.php(1188): CodeIgniter\View\View->render('tables', [], true)
 5 APPPATH\Controllers\AdminController.php(38): view('tables')
 6 SYSTEMPATH\CodeIgniter.php(919): App\Controllers\AdminController->tables()
 7 SYSTEMPATH\CodeIgniter.php(494): CodeIgniter\CodeIgniter->runController(Object(App\Controllers\AdminController))
 8 SYSTEMPATH\CodeIgniter.php(353): CodeIgniter\CodeIgniter->handleRequest(null, Object(Config\Cache), false)
 9 FCPATH\index.php(79): CodeIgniter\CodeIgniter->run()
10 SYSTEMPATH\Commands\Server\rewrite.php(47): require_once('C:\\laragon\\www\\ebike\\public\\index.php')
