CRITICAL - 2023-11-02 02:38:14 --> count(): Argument #1 ($value) must be of type Countable|array, null given
in APPPATH\Views\product.php on line 72.
 1 SYSTEMPATH\View\View.php(226): include()
 2 SYSTEMPATH\View\View.php(229): CodeIgniter\View\View->CodeIgniter\View\{closure}()
 3 SYSTEMPATH\Common.php(1188): CodeIgniter\View\View->render('product', [], true)
 4 APPPATH\Controllers\AdminController.php(43): view('product')
 5 SYSTEMPATH\CodeIgniter.php(919): App\Controllers\AdminController->product()
 6 SYSTEMPATH\CodeIgniter.php(494): CodeIgniter\CodeIgniter->runController(Object(App\Controllers\AdminController))
 7 SYSTEMPATH\CodeIgniter.php(353): CodeIgniter\CodeIgniter->handleRequest(null, Object(Config\Cache), false)
 8 FCPATH\index.php(79): CodeIgniter\CodeIgniter->run()
 9 SYSTEMPATH\Commands\Server\rewrite.php(47): require_once('C:\\laragon\\www\\ebike\\public\\index.php')
CRITICAL - 2023-11-02 02:38:48 --> count(): Argument #1 ($value) must be of type Countable|array, null given
in APPPATH\Views\product.php on line 72.
 1 SYSTEMPATH\View\View.php(226): include()
 2 SYSTEMPATH\View\View.php(229): CodeIgniter\View\View->CodeIgniter\View\{closure}()
 3 SYSTEMPATH\Common.php(1188): CodeIgniter\View\View->render('product', [], true)
 4 APPPATH\Controllers\AdminController.php(43): view('product')
 5 SYSTEMPATH\CodeIgniter.php(919): App\Controllers\AdminController->product()
 6 SYSTEMPATH\CodeIgniter.php(494): CodeIgniter\CodeIgniter->runController(Object(App\Controllers\AdminController))
 7 SYSTEMPATH\CodeIgniter.php(353): CodeIgniter\CodeIgniter->handleRequest(null, Object(Config\Cache), false)
 8 FCPATH\index.php(79): CodeIgniter\CodeIgniter->run()
 9 SYSTEMPATH\Commands\Server\rewrite.php(47): require_once('C:\\laragon\\www\\ebike\\public\\index.php')
CRITICAL - 2023-11-02 02:39:08 --> count(): Argument #1 ($value) must be of type Countable|array, null given
in APPPATH\Views\product.php on line 72.
 1 SYSTEMPATH\View\View.php(226): include()
 2 SYSTEMPATH\View\View.php(229): CodeIgniter\View\View->CodeIgniter\View\{closure}()
 3 SYSTEMPATH\Common.php(1188): CodeIgniter\View\View->render('product', [], true)
 4 APPPATH\Controllers\AdminController.php(43): view('product')
 5 SYSTEMPATH\CodeIgniter.php(919): App\Controllers\AdminController->product()
 6 SYSTEMPATH\CodeIgniter.php(494): CodeIgniter\CodeIgniter->runController(Object(App\Controllers\AdminController))
 7 SYSTEMPATH\CodeIgniter.php(353): CodeIgniter\CodeIgniter->handleRequest(null, Object(Config\Cache), false)
 8 FCPATH\index.php(79): CodeIgniter\CodeIgniter->run()
 9 SYSTEMPATH\Commands\Server\rewrite.php(47): require_once('C:\\laragon\\www\\ebike\\public\\index.php')
CRITICAL - 2023-11-02 02:40:19 --> count(): Argument #1 ($value) must be of type Countable|array, null given
in APPPATH\Views\products.php on line 72.
 1 SYSTEMPATH\View\View.php(226): include()
 2 SYSTEMPATH\View\View.php(229): CodeIgniter\View\View->CodeIgniter\View\{closure}()
 3 SYSTEMPATH\Common.php(1188): CodeIgniter\View\View->render('products', [], true)
 4 APPPATH\Controllers\AdminController.php(43): view('products')
 5 SYSTEMPATH\CodeIgniter.php(919): App\Controllers\AdminController->products()
 6 SYSTEMPATH\CodeIgniter.php(494): CodeIgniter\CodeIgniter->runController(Object(App\Controllers\AdminController))
 7 SYSTEMPATH\CodeIgniter.php(353): CodeIgniter\CodeIgniter->handleRequest(null, Object(Config\Cache), false)
 8 FCPATH\index.php(79): CodeIgniter\CodeIgniter->run()
 9 SYSTEMPATH\Commands\Server\rewrite.php(47): require_once('C:\\laragon\\www\\ebike\\public\\index.php')
CRITICAL - 2023-11-02 02:40:41 --> count(): Argument #1 ($value) must be of type Countable|array, null given
in APPPATH\Views\products.php on line 72.
 1 SYSTEMPATH\View\View.php(226): include()
 2 SYSTEMPATH\View\View.php(229): CodeIgniter\View\View->CodeIgniter\View\{closure}()
 3 SYSTEMPATH\Common.php(1188): CodeIgniter\View\View->render('products', [], true)
 4 APPPATH\Controllers\AdminController.php(43): view('products')
 5 SYSTEMPATH\CodeIgniter.php(919): App\Controllers\AdminController->products()
 6 SYSTEMPATH\CodeIgniter.php(494): CodeIgniter\CodeIgniter->runController(Object(App\Controllers\AdminController))
 7 SYSTEMPATH\CodeIgniter.php(353): CodeIgniter\CodeIgniter->handleRequest(null, Object(Config\Cache), false)
 8 FCPATH\index.php(79): CodeIgniter\CodeIgniter->run()
 9 SYSTEMPATH\Commands\Server\rewrite.php(47): require_once('C:\\laragon\\www\\ebike\\public\\index.php')
CRITICAL - 2023-11-02 02:41:29 --> count(): Argument #1 ($value) must be of type Countable|array, null given
in APPPATH\Views\products.php on line 72.
 1 SYSTEMPATH\View\View.php(226): include()
 2 SYSTEMPATH\View\View.php(229): CodeIgniter\View\View->CodeIgniter\View\{closure}()
 3 SYSTEMPATH\Common.php(1188): CodeIgniter\View\View->render('products', [], true)
 4 APPPATH\Controllers\AdminController.php(43): view('products')
 5 SYSTEMPATH\CodeIgniter.php(919): App\Controllers\AdminController->products()
 6 SYSTEMPATH\CodeIgniter.php(494): CodeIgniter\CodeIgniter->runController(Object(App\Controllers\AdminController))
 7 SYSTEMPATH\CodeIgniter.php(353): CodeIgniter\CodeIgniter->handleRequest(null, Object(Config\Cache), false)
 8 FCPATH\index.php(79): CodeIgniter\CodeIgniter->run()
 9 SYSTEMPATH\Commands\Server\rewrite.php(47): require_once('C:\\laragon\\www\\ebike\\public\\index.php')
CRITICAL - 2023-11-02 02:42:51 --> count(): Argument #1 ($value) must be of type Countable|array, null given
in APPPATH\Views\products.php on line 72.
 1 SYSTEMPATH\View\View.php(226): include()
 2 SYSTEMPATH\View\View.php(229): CodeIgniter\View\View->CodeIgniter\View\{closure}()
 3 SYSTEMPATH\Common.php(1188): CodeIgniter\View\View->render('products', [], true)
 4 APPPATH\Controllers\AdminController.php(43): view('products')
 5 SYSTEMPATH\CodeIgniter.php(919): App\Controllers\AdminController->products()
 6 SYSTEMPATH\CodeIgniter.php(494): CodeIgniter\CodeIgniter->runController(Object(App\Controllers\AdminController))
 7 SYSTEMPATH\CodeIgniter.php(353): CodeIgniter\CodeIgniter->handleRequest(null, Object(Config\Cache), false)
 8 FCPATH\index.php(79): CodeIgniter\CodeIgniter->run()
 9 SYSTEMPATH\Commands\Server\rewrite.php(47): require_once('C:\\laragon\\www\\ebike\\public\\index.php')
CRITICAL - 2023-11-02 02:47:09 --> count(): Argument #1 ($value) must be of type Countable|array, null given
in APPPATH\Views\products.php on line 72.
 1 SYSTEMPATH\View\View.php(226): include()
 2 SYSTEMPATH\View\View.php(229): CodeIgniter\View\View->CodeIgniter\View\{closure}()
 3 SYSTEMPATH\Common.php(1188): CodeIgniter\View\View->render('products', [], true)
 4 APPPATH\Controllers\AdminController.php(43): view('products')
 5 SYSTEMPATH\CodeIgniter.php(919): App\Controllers\AdminController->products()
 6 SYSTEMPATH\CodeIgniter.php(494): CodeIgniter\CodeIgniter->runController(Object(App\Controllers\AdminController))
 7 SYSTEMPATH\CodeIgniter.php(353): CodeIgniter\CodeIgniter->handleRequest(null, Object(Config\Cache), false)
 8 FCPATH\index.php(79): CodeIgniter\CodeIgniter->run()
 9 SYSTEMPATH\Commands\Server\rewrite.php(47): require_once('C:\\laragon\\www\\ebike\\public\\index.php')
CRITICAL - 2023-11-02 02:51:38 --> count(): Argument #1 ($value) must be of type Countable|array, null given
in APPPATH\Views\products.php on line 72.
 1 SYSTEMPATH\View\View.php(226): include()
 2 SYSTEMPATH\View\View.php(229): CodeIgniter\View\View->CodeIgniter\View\{closure}()
 3 SYSTEMPATH\Common.php(1188): CodeIgniter\View\View->render('products', [], true)
 4 APPPATH\Controllers\AdminController.php(43): view('products')
 5 SYSTEMPATH\CodeIgniter.php(919): App\Controllers\AdminController->products()
 6 SYSTEMPATH\CodeIgniter.php(494): CodeIgniter\CodeIgniter->runController(Object(App\Controllers\AdminController))
 7 SYSTEMPATH\CodeIgniter.php(353): CodeIgniter\CodeIgniter->handleRequest(null, Object(Config\Cache), false)
 8 FCPATH\index.php(79): CodeIgniter\CodeIgniter->run()
 9 SYSTEMPATH\Commands\Server\rewrite.php(47): require_once('C:\\laragon\\www\\ebike\\public\\index.php')
CRITICAL - 2023-11-02 02:52:10 --> count(): Argument #1 ($value) must be of type Countable|array, null given
in APPPATH\Views\products.php on line 72.
 1 SYSTEMPATH\View\View.php(226): include()
 2 SYSTEMPATH\View\View.php(229): CodeIgniter\View\View->CodeIgniter\View\{closure}()
 3 SYSTEMPATH\Common.php(1188): CodeIgniter\View\View->render('products', [], true)
 4 APPPATH\Controllers\AdminController.php(43): view('products')
 5 SYSTEMPATH\CodeIgniter.php(919): App\Controllers\AdminController->products()
 6 SYSTEMPATH\CodeIgniter.php(494): CodeIgniter\CodeIgniter->runController(Object(App\Controllers\AdminController))
 7 SYSTEMPATH\CodeIgniter.php(353): CodeIgniter\CodeIgniter->handleRequest(null, Object(Config\Cache), false)
 8 FCPATH\index.php(79): CodeIgniter\CodeIgniter->run()
 9 SYSTEMPATH\Commands\Server\rewrite.php(47): require_once('C:\\laragon\\www\\ebike\\public\\index.php')
CRITICAL - 2023-11-02 02:54:17 --> count(): Argument #1 ($value) must be of type Countable|array, null given
in APPPATH\Views\products.php on line 72.
 1 SYSTEMPATH\View\View.php(226): include()
 2 SYSTEMPATH\View\View.php(229): CodeIgniter\View\View->CodeIgniter\View\{closure}()
 3 SYSTEMPATH\Common.php(1188): CodeIgniter\View\View->render('products', [], true)
 4 APPPATH\Controllers\AdminController.php(43): view('products')
 5 SYSTEMPATH\CodeIgniter.php(919): App\Controllers\AdminController->products()
 6 SYSTEMPATH\CodeIgniter.php(494): CodeIgniter\CodeIgniter->runController(Object(App\Controllers\AdminController))
 7 SYSTEMPATH\CodeIgniter.php(353): CodeIgniter\CodeIgniter->handleRequest(null, Object(Config\Cache), false)
 8 FCPATH\index.php(79): CodeIgniter\CodeIgniter->run()
 9 SYSTEMPATH\Commands\Server\rewrite.php(47): require_once('C:\\laragon\\www\\ebike\\public\\index.php')
CRITICAL - 2023-11-02 02:55:21 --> count(): Argument #1 ($value) must be of type Countable|array, null given
in APPPATH\Views\products.php on line 73.
 1 SYSTEMPATH\View\View.php(226): include()
 2 SYSTEMPATH\View\View.php(229): CodeIgniter\View\View->CodeIgniter\View\{closure}()
 3 SYSTEMPATH\Common.php(1188): CodeIgniter\View\View->render('products', [], true)
 4 APPPATH\Controllers\AdminController.php(43): view('products')
 5 SYSTEMPATH\CodeIgniter.php(919): App\Controllers\AdminController->products()
 6 SYSTEMPATH\CodeIgniter.php(494): CodeIgniter\CodeIgniter->runController(Object(App\Controllers\AdminController))
 7 SYSTEMPATH\CodeIgniter.php(353): CodeIgniter\CodeIgniter->handleRequest(null, Object(Config\Cache), false)
 8 FCPATH\index.php(79): CodeIgniter\CodeIgniter->run()
 9 SYSTEMPATH\Commands\Server\rewrite.php(47): require_once('C:\\laragon\\www\\ebike\\public\\index.php')
CRITICAL - 2023-11-02 02:56:27 --> count(): Argument #1 ($value) must be of type Countable|array, null given
in APPPATH\Views\products.php on line 72.
 1 SYSTEMPATH\View\View.php(226): include()
 2 SYSTEMPATH\View\View.php(229): CodeIgniter\View\View->CodeIgniter\View\{closure}()
 3 SYSTEMPATH\Common.php(1188): CodeIgniter\View\View->render('products', [], true)
 4 APPPATH\Controllers\AdminController.php(43): view('products')
 5 SYSTEMPATH\CodeIgniter.php(919): App\Controllers\AdminController->products()
 6 SYSTEMPATH\CodeIgniter.php(494): CodeIgniter\CodeIgniter->runController(Object(App\Controllers\AdminController))
 7 SYSTEMPATH\CodeIgniter.php(353): CodeIgniter\CodeIgniter->handleRequest(null, Object(Config\Cache), false)
 8 FCPATH\index.php(79): CodeIgniter\CodeIgniter->run()
 9 SYSTEMPATH\Commands\Server\rewrite.php(47): require_once('C:\\laragon\\www\\ebike\\public\\index.php')
CRITICAL - 2023-11-02 02:58:50 --> count(): Argument #1 ($value) must be of type Countable|array, null given
in APPPATH\Views\products.php on line 72.
 1 SYSTEMPATH\View\View.php(226): include()
 2 SYSTEMPATH\View\View.php(229): CodeIgniter\View\View->CodeIgniter\View\{closure}()
 3 SYSTEMPATH\Common.php(1188): CodeIgniter\View\View->render('products', [], true)
 4 APPPATH\Controllers\AdminController.php(43): view('products')
 5 SYSTEMPATH\CodeIgniter.php(919): App\Controllers\AdminController->products()
 6 SYSTEMPATH\CodeIgniter.php(494): CodeIgniter\CodeIgniter->runController(Object(App\Controllers\AdminController))
 7 SYSTEMPATH\CodeIgniter.php(353): CodeIgniter\CodeIgniter->handleRequest(null, Object(Config\Cache), false)
 8 FCPATH\index.php(79): CodeIgniter\CodeIgniter->run()
 9 SYSTEMPATH\Commands\Server\rewrite.php(47): require_once('C:\\laragon\\www\\ebike\\public\\index.php')
