CRITICAL - 2023-11-01 00:37:16 --> Invalid file: "include/header.php"
in SYSTEMPATH\Exceptions\FrameworkException.php on line 39.
 1 SYSTEMPATH\View\View.php(214): CodeIgniter\Exceptions\FrameworkException::forInvalidFile('include/header.php')
 2 SYSTEMPATH\View\View.php(467): CodeIgniter\View\View->render('include/header', null, true)
 3 APPPATH\Views\admin.php(1): CodeIgniter\View\View->include('include/header')
 4 SYSTEMPATH\View\View.php(226): include('C:\\laragon\\www\\ebike\\app\\Views\\admin.php')
 5 SYSTEMPATH\View\View.php(229): CodeIgniter\View\View->CodeIgniter\View\{closure}()
 6 SYSTEMPATH\Common.php(1188): CodeIgniter\View\View->render('admin', [], true)
 7 APPPATH\Controllers\AdminController.php(11): view('admin')
 8 SYSTEMPATH\CodeIgniter.php(919): App\Controllers\AdminController->admin()
 9 SYSTEMPATH\CodeIgniter.php(494): CodeIgniter\CodeIgniter->runController(Object(App\Controllers\AdminController))
10 SYSTEMPATH\CodeIgniter.php(353): CodeIgniter\CodeIgniter->handleRequest(null, Object(Config\Cache), false)
11 FCPATH\index.php(79): CodeIgniter\CodeIgniter->run()
12 SYSTEMPATH\Commands\Server\rewrite.php(47): require_once('C:\\laragon\\www\\ebike\\public\\index.php')
CRITICAL - 2023-11-01 00:37:22 --> Invalid file: "include/header.php"
in SYSTEMPATH\Exceptions\FrameworkException.php on line 39.
 1 SYSTEMPATH\View\View.php(214): CodeIgniter\Exceptions\FrameworkException::forInvalidFile('include/header.php')
 2 SYSTEMPATH\View\View.php(467): CodeIgniter\View\View->render('include/header', null, true)
 3 APPPATH\Views\admin.php(1): CodeIgniter\View\View->include('include/header')
 4 SYSTEMPATH\View\View.php(226): include('C:\\laragon\\www\\ebike\\app\\Views\\admin.php')
 5 SYSTEMPATH\View\View.php(229): CodeIgniter\View\View->CodeIgniter\View\{closure}()
 6 SYSTEMPATH\Common.php(1188): CodeIgniter\View\View->render('admin', [], true)
 7 APPPATH\Controllers\AdminController.php(11): view('admin')
 8 SYSTEMPATH\CodeIgniter.php(919): App\Controllers\AdminController->admin()
 9 SYSTEMPATH\CodeIgniter.php(494): CodeIgniter\CodeIgniter->runController(Object(App\Controllers\AdminController))
10 SYSTEMPATH\CodeIgniter.php(353): CodeIgniter\CodeIgniter->handleRequest(null, Object(Config\Cache), false)
11 FCPATH\index.php(79): CodeIgniter\CodeIgniter->run()
12 SYSTEMPATH\Commands\Server\rewrite.php(47): require_once('C:\\laragon\\www\\ebike\\public\\index.php')
CRITICAL - 2023-11-01 00:41:34 --> Invalid file: "include/header.php"
in SYSTEMPATH\Exceptions\FrameworkException.php on line 39.
 1 SYSTEMPATH\View\View.php(214): CodeIgniter\Exceptions\FrameworkException::forInvalidFile('include/header.php')
 2 SYSTEMPATH\View\View.php(467): CodeIgniter\View\View->render('include/header', null, true)
 3 APPPATH\Views\website.php(1): CodeIgniter\View\View->include('include/header')
 4 SYSTEMPATH\View\View.php(226): include('C:\\laragon\\www\\ebike\\app\\Views\\website.php')
 5 SYSTEMPATH\View\View.php(229): CodeIgniter\View\View->CodeIgniter\View\{closure}()
 6 SYSTEMPATH\Common.php(1188): CodeIgniter\View\View->render('website', [], true)
 7 APPPATH\Controllers\AdminController.php(11): view('website')
 8 SYSTEMPATH\CodeIgniter.php(919): App\Controllers\AdminController->website()
 9 SYSTEMPATH\CodeIgniter.php(494): CodeIgniter\CodeIgniter->runController(Object(App\Controllers\AdminController))
10 SYSTEMPATH\CodeIgniter.php(353): CodeIgniter\CodeIgniter->handleRequest(null, Object(Config\Cache), false)
11 FCPATH\index.php(79): CodeIgniter\CodeIgniter->run()
12 SYSTEMPATH\Commands\Server\rewrite.php(47): require_once('C:\\laragon\\www\\ebike\\public\\index.php')
CRITICAL - 2023-11-01 00:41:35 --> Invalid file: "include/header.php"
in SYSTEMPATH\Exceptions\FrameworkException.php on line 39.
 1 SYSTEMPATH\View\View.php(214): CodeIgniter\Exceptions\FrameworkException::forInvalidFile('include/header.php')
 2 SYSTEMPATH\View\View.php(467): CodeIgniter\View\View->render('include/header', null, true)
 3 APPPATH\Views\website.php(1): CodeIgniter\View\View->include('include/header')
 4 SYSTEMPATH\View\View.php(226): include('C:\\laragon\\www\\ebike\\app\\Views\\website.php')
 5 SYSTEMPATH\View\View.php(229): CodeIgniter\View\View->CodeIgniter\View\{closure}()
 6 SYSTEMPATH\Common.php(1188): CodeIgniter\View\View->render('website', [], true)
 7 APPPATH\Controllers\AdminController.php(11): view('website')
 8 SYSTEMPATH\CodeIgniter.php(919): App\Controllers\AdminController->website()
 9 SYSTEMPATH\CodeIgniter.php(494): CodeIgniter\CodeIgniter->runController(Object(App\Controllers\AdminController))
10 SYSTEMPATH\CodeIgniter.php(353): CodeIgniter\CodeIgniter->handleRequest(null, Object(Config\Cache), false)
11 FCPATH\index.php(79): CodeIgniter\CodeIgniter->run()
12 SYSTEMPATH\Commands\Server\rewrite.php(47): require_once('C:\\laragon\\www\\ebike\\public\\index.php')
CRITICAL - 2023-11-01 00:41:35 --> Invalid file: "include/header.php"
in SYSTEMPATH\Exceptions\FrameworkException.php on line 39.
 1 SYSTEMPATH\View\View.php(214): CodeIgniter\Exceptions\FrameworkException::forInvalidFile('include/header.php')
 2 SYSTEMPATH\View\View.php(467): CodeIgniter\View\View->render('include/header', null, true)
 3 APPPATH\Views\website.php(1): CodeIgniter\View\View->include('include/header')
 4 SYSTEMPATH\View\View.php(226): include('C:\\laragon\\www\\ebike\\app\\Views\\website.php')
 5 SYSTEMPATH\View\View.php(229): CodeIgniter\View\View->CodeIgniter\View\{closure}()
 6 SYSTEMPATH\Common.php(1188): CodeIgniter\View\View->render('website', [], true)
 7 APPPATH\Controllers\AdminController.php(11): view('website')
 8 SYSTEMPATH\CodeIgniter.php(919): App\Controllers\AdminController->website()
 9 SYSTEMPATH\CodeIgniter.php(494): CodeIgniter\CodeIgniter->runController(Object(App\Controllers\AdminController))
10 SYSTEMPATH\CodeIgniter.php(353): CodeIgniter\CodeIgniter->handleRequest(null, Object(Config\Cache), false)
11 FCPATH\index.php(79): CodeIgniter\CodeIgniter->run()
12 SYSTEMPATH\Commands\Server\rewrite.php(47): require_once('C:\\laragon\\www\\ebike\\public\\index.php')
CRITICAL - 2023-11-01 00:42:36 --> Invalid file: "include/header.php"
in SYSTEMPATH\Exceptions\FrameworkException.php on line 39.
 1 SYSTEMPATH\View\View.php(214): CodeIgniter\Exceptions\FrameworkException::forInvalidFile('include/header.php')
 2 SYSTEMPATH\View\View.php(467): CodeIgniter\View\View->render('include/header', null, true)
 3 APPPATH\Views\website.php(1): CodeIgniter\View\View->include('include/header')
 4 SYSTEMPATH\View\View.php(226): include('C:\\laragon\\www\\ebike\\app\\Views\\website.php')
 5 SYSTEMPATH\View\View.php(229): CodeIgniter\View\View->CodeIgniter\View\{closure}()
 6 SYSTEMPATH\Common.php(1188): CodeIgniter\View\View->render('website', [], true)
 7 APPPATH\Controllers\Home.php(9): view('website')
 8 SYSTEMPATH\CodeIgniter.php(919): App\Controllers\Home->index()
 9 SYSTEMPATH\CodeIgniter.php(494): CodeIgniter\CodeIgniter->runController(Object(App\Controllers\Home))
10 SYSTEMPATH\CodeIgniter.php(353): CodeIgniter\CodeIgniter->handleRequest(null, Object(Config\Cache), false)
11 FCPATH\index.php(79): CodeIgniter\CodeIgniter->run()
12 SYSTEMPATH\Commands\Server\rewrite.php(47): require_once('C:\\laragon\\www\\ebike\\public\\index.php')
CRITICAL - 2023-11-01 00:42:37 --> Invalid file: "include/header.php"
in SYSTEMPATH\Exceptions\FrameworkException.php on line 39.
 1 SYSTEMPATH\View\View.php(214): CodeIgniter\Exceptions\FrameworkException::forInvalidFile('include/header.php')
 2 SYSTEMPATH\View\View.php(467): CodeIgniter\View\View->render('include/header', null, true)
 3 APPPATH\Views\website.php(1): CodeIgniter\View\View->include('include/header')
 4 SYSTEMPATH\View\View.php(226): include('C:\\laragon\\www\\ebike\\app\\Views\\website.php')
 5 SYSTEMPATH\View\View.php(229): CodeIgniter\View\View->CodeIgniter\View\{closure}()
 6 SYSTEMPATH\Common.php(1188): CodeIgniter\View\View->render('website', [], true)
 7 APPPATH\Controllers\Home.php(9): view('website')
 8 SYSTEMPATH\CodeIgniter.php(919): App\Controllers\Home->index()
 9 SYSTEMPATH\CodeIgniter.php(494): CodeIgniter\CodeIgniter->runController(Object(App\Controllers\Home))
10 SYSTEMPATH\CodeIgniter.php(353): CodeIgniter\CodeIgniter->handleRequest(null, Object(Config\Cache), false)
11 FCPATH\index.php(79): CodeIgniter\CodeIgniter->run()
12 SYSTEMPATH\Commands\Server\rewrite.php(47): require_once('C:\\laragon\\www\\ebike\\public\\index.php')
CRITICAL - 2023-11-01 00:42:38 --> Invalid file: "include/header.php"
in SYSTEMPATH\Exceptions\FrameworkException.php on line 39.
 1 SYSTEMPATH\View\View.php(214): CodeIgniter\Exceptions\FrameworkException::forInvalidFile('include/header.php')
 2 SYSTEMPATH\View\View.php(467): CodeIgniter\View\View->render('include/header', null, true)
 3 APPPATH\Views\website.php(1): CodeIgniter\View\View->include('include/header')
 4 SYSTEMPATH\View\View.php(226): include('C:\\laragon\\www\\ebike\\app\\Views\\website.php')
 5 SYSTEMPATH\View\View.php(229): CodeIgniter\View\View->CodeIgniter\View\{closure}()
 6 SYSTEMPATH\Common.php(1188): CodeIgniter\View\View->render('website', [], true)
 7 APPPATH\Controllers\Home.php(9): view('website')
 8 SYSTEMPATH\CodeIgniter.php(919): App\Controllers\Home->index()
 9 SYSTEMPATH\CodeIgniter.php(494): CodeIgniter\CodeIgniter->runController(Object(App\Controllers\Home))
10 SYSTEMPATH\CodeIgniter.php(353): CodeIgniter\CodeIgniter->handleRequest(null, Object(Config\Cache), false)
11 FCPATH\index.php(79): CodeIgniter\CodeIgniter->run()
12 SYSTEMPATH\Commands\Server\rewrite.php(47): require_once('C:\\laragon\\www\\ebike\\public\\index.php')
CRITICAL - 2023-11-01 00:43:18 --> Invalid file: "include/header.php"
in SYSTEMPATH\Exceptions\FrameworkException.php on line 39.
 1 SYSTEMPATH\View\View.php(214): CodeIgniter\Exceptions\FrameworkException::forInvalidFile('include/header.php')
 2 SYSTEMPATH\View\View.php(467): CodeIgniter\View\View->render('include/header', null, true)
 3 APPPATH\Views\website.php(1): CodeIgniter\View\View->include('include/header')
 4 SYSTEMPATH\View\View.php(226): include('C:\\laragon\\www\\ebike\\app\\Views\\website.php')
 5 SYSTEMPATH\View\View.php(229): CodeIgniter\View\View->CodeIgniter\View\{closure}()
 6 SYSTEMPATH\Common.php(1188): CodeIgniter\View\View->render('website', [], true)
 7 APPPATH\Controllers\AdminController.php(11): view('website')
 8 SYSTEMPATH\CodeIgniter.php(919): App\Controllers\AdminController->website()
 9 SYSTEMPATH\CodeIgniter.php(494): CodeIgniter\CodeIgniter->runController(Object(App\Controllers\AdminController))
10 SYSTEMPATH\CodeIgniter.php(353): CodeIgniter\CodeIgniter->handleRequest(null, Object(Config\Cache), false)
11 FCPATH\index.php(79): CodeIgniter\CodeIgniter->run()
12 SYSTEMPATH\Commands\Server\rewrite.php(47): require_once('C:\\laragon\\www\\ebike\\public\\index.php')
CRITICAL - 2023-11-01 00:43:19 --> Invalid file: "include/header.php"
in SYSTEMPATH\Exceptions\FrameworkException.php on line 39.
 1 SYSTEMPATH\View\View.php(214): CodeIgniter\Exceptions\FrameworkException::forInvalidFile('include/header.php')
 2 SYSTEMPATH\View\View.php(467): CodeIgniter\View\View->render('include/header', null, true)
 3 APPPATH\Views\website.php(1): CodeIgniter\View\View->include('include/header')
 4 SYSTEMPATH\View\View.php(226): include('C:\\laragon\\www\\ebike\\app\\Views\\website.php')
 5 SYSTEMPATH\View\View.php(229): CodeIgniter\View\View->CodeIgniter\View\{closure}()
 6 SYSTEMPATH\Common.php(1188): CodeIgniter\View\View->render('website', [], true)
 7 APPPATH\Controllers\AdminController.php(11): view('website')
 8 SYSTEMPATH\CodeIgniter.php(919): App\Controllers\AdminController->website()
 9 SYSTEMPATH\CodeIgniter.php(494): CodeIgniter\CodeIgniter->runController(Object(App\Controllers\AdminController))
10 SYSTEMPATH\CodeIgniter.php(353): CodeIgniter\CodeIgniter->handleRequest(null, Object(Config\Cache), false)
11 FCPATH\index.php(79): CodeIgniter\CodeIgniter->run()
12 SYSTEMPATH\Commands\Server\rewrite.php(47): require_once('C:\\laragon\\www\\ebike\\public\\index.php')
CRITICAL - 2023-11-01 00:43:19 --> Invalid file: "include/header.php"
in SYSTEMPATH\Exceptions\FrameworkException.php on line 39.
 1 SYSTEMPATH\View\View.php(214): CodeIgniter\Exceptions\FrameworkException::forInvalidFile('include/header.php')
 2 SYSTEMPATH\View\View.php(467): CodeIgniter\View\View->render('include/header', null, true)
 3 APPPATH\Views\website.php(1): CodeIgniter\View\View->include('include/header')
 4 SYSTEMPATH\View\View.php(226): include('C:\\laragon\\www\\ebike\\app\\Views\\website.php')
 5 SYSTEMPATH\View\View.php(229): CodeIgniter\View\View->CodeIgniter\View\{closure}()
 6 SYSTEMPATH\Common.php(1188): CodeIgniter\View\View->render('website', [], true)
 7 APPPATH\Controllers\AdminController.php(11): view('website')
 8 SYSTEMPATH\CodeIgniter.php(919): App\Controllers\AdminController->website()
 9 SYSTEMPATH\CodeIgniter.php(494): CodeIgniter\CodeIgniter->runController(Object(App\Controllers\AdminController))
10 SYSTEMPATH\CodeIgniter.php(353): CodeIgniter\CodeIgniter->handleRequest(null, Object(Config\Cache), false)
11 FCPATH\index.php(79): CodeIgniter\CodeIgniter->run()
12 SYSTEMPATH\Commands\Server\rewrite.php(47): require_once('C:\\laragon\\www\\ebike\\public\\index.php')
CRITICAL - 2023-11-01 00:43:19 --> Invalid file: "include/header.php"
in SYSTEMPATH\Exceptions\FrameworkException.php on line 39.
 1 SYSTEMPATH\View\View.php(214): CodeIgniter\Exceptions\FrameworkException::forInvalidFile('include/header.php')
 2 SYSTEMPATH\View\View.php(467): CodeIgniter\View\View->render('include/header', null, true)
 3 APPPATH\Views\website.php(1): CodeIgniter\View\View->include('include/header')
 4 SYSTEMPATH\View\View.php(226): include('C:\\laragon\\www\\ebike\\app\\Views\\website.php')
 5 SYSTEMPATH\View\View.php(229): CodeIgniter\View\View->CodeIgniter\View\{closure}()
 6 SYSTEMPATH\Common.php(1188): CodeIgniter\View\View->render('website', [], true)
 7 APPPATH\Controllers\AdminController.php(11): view('website')
 8 SYSTEMPATH\CodeIgniter.php(919): App\Controllers\AdminController->website()
 9 SYSTEMPATH\CodeIgniter.php(494): CodeIgniter\CodeIgniter->runController(Object(App\Controllers\AdminController))
10 SYSTEMPATH\CodeIgniter.php(353): CodeIgniter\CodeIgniter->handleRequest(null, Object(Config\Cache), false)
11 FCPATH\index.php(79): CodeIgniter\CodeIgniter->run()
12 SYSTEMPATH\Commands\Server\rewrite.php(47): require_once('C:\\laragon\\www\\ebike\\public\\index.php')
CRITICAL - 2023-11-01 00:43:19 --> Invalid file: "include/header.php"
in SYSTEMPATH\Exceptions\FrameworkException.php on line 39.
 1 SYSTEMPATH\View\View.php(214): CodeIgniter\Exceptions\FrameworkException::forInvalidFile('include/header.php')
 2 SYSTEMPATH\View\View.php(467): CodeIgniter\View\View->render('include/header', null, true)
 3 APPPATH\Views\website.php(1): CodeIgniter\View\View->include('include/header')
 4 SYSTEMPATH\View\View.php(226): include('C:\\laragon\\www\\ebike\\app\\Views\\website.php')
 5 SYSTEMPATH\View\View.php(229): CodeIgniter\View\View->CodeIgniter\View\{closure}()
 6 SYSTEMPATH\Common.php(1188): CodeIgniter\View\View->render('website', [], true)
 7 APPPATH\Controllers\AdminController.php(11): view('website')
 8 SYSTEMPATH\CodeIgniter.php(919): App\Controllers\AdminController->website()
 9 SYSTEMPATH\CodeIgniter.php(494): CodeIgniter\CodeIgniter->runController(Object(App\Controllers\AdminController))
10 SYSTEMPATH\CodeIgniter.php(353): CodeIgniter\CodeIgniter->handleRequest(null, Object(Config\Cache), false)
11 FCPATH\index.php(79): CodeIgniter\CodeIgniter->run()
12 SYSTEMPATH\Commands\Server\rewrite.php(47): require_once('C:\\laragon\\www\\ebike\\public\\index.php')
CRITICAL - 2023-11-01 00:45:27 --> Invalid file: "include/header.php"
in SYSTEMPATH\Exceptions\FrameworkException.php on line 39.
 1 SYSTEMPATH\View\View.php(214): CodeIgniter\Exceptions\FrameworkException::forInvalidFile('include/header.php')
 2 SYSTEMPATH\View\View.php(467): CodeIgniter\View\View->render('include/header', null, true)
 3 APPPATH\Views\website.php(1): CodeIgniter\View\View->include('include/header')
 4 SYSTEMPATH\View\View.php(226): include('C:\\laragon\\www\\ebike\\app\\Views\\website.php')
 5 SYSTEMPATH\View\View.php(229): CodeIgniter\View\View->CodeIgniter\View\{closure}()
 6 SYSTEMPATH\Common.php(1188): CodeIgniter\View\View->render('website', [], true)
 7 APPPATH\Controllers\AdminController.php(11): view('website')
 8 SYSTEMPATH\CodeIgniter.php(919): App\Controllers\AdminController->website()
 9 SYSTEMPATH\CodeIgniter.php(494): CodeIgniter\CodeIgniter->runController(Object(App\Controllers\AdminController))
10 SYSTEMPATH\CodeIgniter.php(353): CodeIgniter\CodeIgniter->handleRequest(null, Object(Config\Cache), false)
11 FCPATH\index.php(79): CodeIgniter\CodeIgniter->run()
12 SYSTEMPATH\Commands\Server\rewrite.php(47): require_once('C:\\laragon\\www\\ebike\\public\\index.php')
CRITICAL - 2023-11-01 00:51:50 --> Invalid file: "include/header.php"
in SYSTEMPATH\Exceptions\FrameworkException.php on line 39.
 1 SYSTEMPATH\View\View.php(214): CodeIgniter\Exceptions\FrameworkException::forInvalidFile('include/header.php')
 2 SYSTEMPATH\View\View.php(467): CodeIgniter\View\View->render('include/header', null, true)
 3 APPPATH\Views\website.php(1): CodeIgniter\View\View->include('include/header')
 4 SYSTEMPATH\View\View.php(226): include('C:\\laragon\\www\\ebike\\app\\Views\\website.php')
 5 SYSTEMPATH\View\View.php(229): CodeIgniter\View\View->CodeIgniter\View\{closure}()
 6 SYSTEMPATH\Common.php(1188): CodeIgniter\View\View->render('website', [], true)
 7 APPPATH\Controllers\AdminController.php(11): view('website')
 8 SYSTEMPATH\CodeIgniter.php(919): App\Controllers\AdminController->website()
 9 SYSTEMPATH\CodeIgniter.php(494): CodeIgniter\CodeIgniter->runController(Object(App\Controllers\AdminController))
10 SYSTEMPATH\CodeIgniter.php(353): CodeIgniter\CodeIgniter->handleRequest(null, Object(Config\Cache), false)
11 FCPATH\index.php(79): CodeIgniter\CodeIgniter->run()
12 SYSTEMPATH\Commands\Server\rewrite.php(47): require_once('C:\\laragon\\www\\ebike\\public\\index.php')
CRITICAL - 2023-11-01 00:51:51 --> Invalid file: "include/header.php"
in SYSTEMPATH\Exceptions\FrameworkException.php on line 39.
 1 SYSTEMPATH\View\View.php(214): CodeIgniter\Exceptions\FrameworkException::forInvalidFile('include/header.php')
 2 SYSTEMPATH\View\View.php(467): CodeIgniter\View\View->render('include/header', null, true)
 3 APPPATH\Views\website.php(1): CodeIgniter\View\View->include('include/header')
 4 SYSTEMPATH\View\View.php(226): include('C:\\laragon\\www\\ebike\\app\\Views\\website.php')
 5 SYSTEMPATH\View\View.php(229): CodeIgniter\View\View->CodeIgniter\View\{closure}()
 6 SYSTEMPATH\Common.php(1188): CodeIgniter\View\View->render('website', [], true)
 7 APPPATH\Controllers\AdminController.php(11): view('website')
 8 SYSTEMPATH\CodeIgniter.php(919): App\Controllers\AdminController->website()
 9 SYSTEMPATH\CodeIgniter.php(494): CodeIgniter\CodeIgniter->runController(Object(App\Controllers\AdminController))
10 SYSTEMPATH\CodeIgniter.php(353): CodeIgniter\CodeIgniter->handleRequest(null, Object(Config\Cache), false)
11 FCPATH\index.php(79): CodeIgniter\CodeIgniter->run()
12 SYSTEMPATH\Commands\Server\rewrite.php(47): require_once('C:\\laragon\\www\\ebike\\public\\index.php')
CRITICAL - 2023-11-01 00:52:32 --> Invalid file: "include/header.php"
in SYSTEMPATH\Exceptions\FrameworkException.php on line 39.
 1 SYSTEMPATH\View\View.php(214): CodeIgniter\Exceptions\FrameworkException::forInvalidFile('include/header.php')
 2 SYSTEMPATH\View\View.php(467): CodeIgniter\View\View->render('include/header', null, true)
 3 APPPATH\Views\website.php(1): CodeIgniter\View\View->include('include/header')
 4 SYSTEMPATH\View\View.php(226): include('C:\\laragon\\www\\ebike\\app\\Views\\website.php')
 5 SYSTEMPATH\View\View.php(229): CodeIgniter\View\View->CodeIgniter\View\{closure}()
 6 SYSTEMPATH\Common.php(1188): CodeIgniter\View\View->render('website', [], true)
 7 APPPATH\Controllers\AdminController.php(11): view('website')
 8 SYSTEMPATH\CodeIgniter.php(919): App\Controllers\AdminController->website()
 9 SYSTEMPATH\CodeIgniter.php(494): CodeIgniter\CodeIgniter->runController(Object(App\Controllers\AdminController))
10 SYSTEMPATH\CodeIgniter.php(353): CodeIgniter\CodeIgniter->handleRequest(null, Object(Config\Cache), false)
11 FCPATH\index.php(79): CodeIgniter\CodeIgniter->run()
12 SYSTEMPATH\Commands\Server\rewrite.php(47): require_once('C:\\laragon\\www\\ebike\\public\\index.php')
CRITICAL - 2023-11-01 00:55:52 --> Invalid file: "forgotpass.php"
in SYSTEMPATH\Exceptions\FrameworkException.php on line 39.
 1 SYSTEMPATH\View\View.php(214): CodeIgniter\Exceptions\FrameworkException::forInvalidFile('forgotpass.php')
 2 SYSTEMPATH\Common.php(1188): CodeIgniter\View\View->render('forgotpass', [], true)
 3 APPPATH\Controllers\AdminController.php(28): view('forgotpass')
 4 SYSTEMPATH\CodeIgniter.php(919): App\Controllers\AdminController->forgotpass()
 5 SYSTEMPATH\CodeIgniter.php(494): CodeIgniter\CodeIgniter->runController(Object(App\Controllers\AdminController))
 6 SYSTEMPATH\CodeIgniter.php(353): CodeIgniter\CodeIgniter->handleRequest(null, Object(Config\Cache), false)
 7 FCPATH\index.php(79): CodeIgniter\CodeIgniter->run()
 8 SYSTEMPATH\Commands\Server\rewrite.php(47): require_once('C:\\laragon\\www\\ebike\\public\\index.php')
CRITICAL - 2023-11-01 00:56:00 --> Invalid file: "forgotpass.php"
in SYSTEMPATH\Exceptions\FrameworkException.php on line 39.
 1 SYSTEMPATH\View\View.php(214): CodeIgniter\Exceptions\FrameworkException::forInvalidFile('forgotpass.php')
 2 SYSTEMPATH\Common.php(1188): CodeIgniter\View\View->render('forgotpass', [], true)
 3 APPPATH\Controllers\AdminController.php(28): view('forgotpass')
 4 SYSTEMPATH\CodeIgniter.php(919): App\Controllers\AdminController->forgotpass()
 5 SYSTEMPATH\CodeIgniter.php(494): CodeIgniter\CodeIgniter->runController(Object(App\Controllers\AdminController))
 6 SYSTEMPATH\CodeIgniter.php(353): CodeIgniter\CodeIgniter->handleRequest(null, Object(Config\Cache), false)
 7 FCPATH\index.php(79): CodeIgniter\CodeIgniter->run()
 8 SYSTEMPATH\Commands\Server\rewrite.php(47): require_once('C:\\laragon\\www\\ebike\\public\\index.php')
CRITICAL - 2023-11-01 00:56:20 --> Invalid file: "forgotpass.php"
in SYSTEMPATH\Exceptions\FrameworkException.php on line 39.
 1 SYSTEMPATH\View\View.php(214): CodeIgniter\Exceptions\FrameworkException::forInvalidFile('forgotpass.php')
 2 SYSTEMPATH\Common.php(1188): CodeIgniter\View\View->render('forgotpass', [], true)
 3 APPPATH\Controllers\AdminController.php(28): view('forgotpass')
 4 SYSTEMPATH\CodeIgniter.php(919): App\Controllers\AdminController->forgotpass()
 5 SYSTEMPATH\CodeIgniter.php(494): CodeIgniter\CodeIgniter->runController(Object(App\Controllers\AdminController))
 6 SYSTEMPATH\CodeIgniter.php(353): CodeIgniter\CodeIgniter->handleRequest(null, Object(Config\Cache), false)
 7 FCPATH\index.php(79): CodeIgniter\CodeIgniter->run()
 8 SYSTEMPATH\Commands\Server\rewrite.php(47): require_once('C:\\laragon\\www\\ebike\\public\\index.php')
CRITICAL - 2023-11-01 01:11:44 --> Invalid file: "include/header.php"
in SYSTEMPATH\Exceptions\FrameworkException.php on line 39.
 1 SYSTEMPATH\View\View.php(214): CodeIgniter\Exceptions\FrameworkException::forInvalidFile('include/header.php')
 2 SYSTEMPATH\View\View.php(467): CodeIgniter\View\View->render('include/header', null, true)
 3 APPPATH\Views\website.php(1): CodeIgniter\View\View->include('include/header')
 4 SYSTEMPATH\View\View.php(226): include('C:\\laragon\\www\\ebike\\app\\Views\\website.php')
 5 SYSTEMPATH\View\View.php(229): CodeIgniter\View\View->CodeIgniter\View\{closure}()
 6 SYSTEMPATH\Common.php(1188): CodeIgniter\View\View->render('website', [], true)
 7 APPPATH\Controllers\AdminController.php(11): view('website')
 8 SYSTEMPATH\CodeIgniter.php(919): App\Controllers\AdminController->website()
 9 SYSTEMPATH\CodeIgniter.php(494): CodeIgniter\CodeIgniter->runController(Object(App\Controllers\AdminController))
10 SYSTEMPATH\CodeIgniter.php(353): CodeIgniter\CodeIgniter->handleRequest(null, Object(Config\Cache), false)
11 FCPATH\index.php(79): CodeIgniter\CodeIgniter->run()
12 SYSTEMPATH\Commands\Server\rewrite.php(47): require_once('C:\\laragon\\www\\ebike\\public\\index.php')
CRITICAL - 2023-11-01 01:12:30 --> Invalid file: "include/header.php"
in SYSTEMPATH\Exceptions\FrameworkException.php on line 39.
 1 SYSTEMPATH\View\View.php(214): CodeIgniter\Exceptions\FrameworkException::forInvalidFile('include/header.php')
 2 SYSTEMPATH\View\View.php(467): CodeIgniter\View\View->render('include/header', null, true)
 3 APPPATH\Views\website.php(1): CodeIgniter\View\View->include('include/header')
 4 SYSTEMPATH\View\View.php(226): include('C:\\laragon\\www\\ebike\\app\\Views\\website.php')
 5 SYSTEMPATH\View\View.php(229): CodeIgniter\View\View->CodeIgniter\View\{closure}()
 6 SYSTEMPATH\Common.php(1188): CodeIgniter\View\View->render('website', [], true)
 7 APPPATH\Controllers\AdminController.php(11): view('website')
 8 SYSTEMPATH\CodeIgniter.php(919): App\Controllers\AdminController->website()
 9 SYSTEMPATH\CodeIgniter.php(494): CodeIgniter\CodeIgniter->runController(Object(App\Controllers\AdminController))
10 SYSTEMPATH\CodeIgniter.php(353): CodeIgniter\CodeIgniter->handleRequest(null, Object(Config\Cache), false)
11 FCPATH\index.php(79): CodeIgniter\CodeIgniter->run()
12 SYSTEMPATH\Commands\Server\rewrite.php(47): require_once('C:\\laragon\\www\\ebike\\public\\index.php')
CRITICAL - 2023-11-01 01:12:31 --> Invalid file: "include/header.php"
in SYSTEMPATH\Exceptions\FrameworkException.php on line 39.
 1 SYSTEMPATH\View\View.php(214): CodeIgniter\Exceptions\FrameworkException::forInvalidFile('include/header.php')
 2 SYSTEMPATH\View\View.php(467): CodeIgniter\View\View->render('include/header', null, true)
 3 APPPATH\Views\website.php(1): CodeIgniter\View\View->include('include/header')
 4 SYSTEMPATH\View\View.php(226): include('C:\\laragon\\www\\ebike\\app\\Views\\website.php')
 5 SYSTEMPATH\View\View.php(229): CodeIgniter\View\View->CodeIgniter\View\{closure}()
 6 SYSTEMPATH\Common.php(1188): CodeIgniter\View\View->render('website', [], true)
 7 APPPATH\Controllers\AdminController.php(11): view('website')
 8 SYSTEMPATH\CodeIgniter.php(919): App\Controllers\AdminController->website()
 9 SYSTEMPATH\CodeIgniter.php(494): CodeIgniter\CodeIgniter->runController(Object(App\Controllers\AdminController))
10 SYSTEMPATH\CodeIgniter.php(353): CodeIgniter\CodeIgniter->handleRequest(null, Object(Config\Cache), false)
11 FCPATH\index.php(79): CodeIgniter\CodeIgniter->run()
12 SYSTEMPATH\Commands\Server\rewrite.php(47): require_once('C:\\laragon\\www\\ebike\\public\\index.php')
CRITICAL - 2023-11-01 01:12:31 --> Invalid file: "include/header.php"
in SYSTEMPATH\Exceptions\FrameworkException.php on line 39.
 1 SYSTEMPATH\View\View.php(214): CodeIgniter\Exceptions\FrameworkException::forInvalidFile('include/header.php')
 2 SYSTEMPATH\View\View.php(467): CodeIgniter\View\View->render('include/header', null, true)
 3 APPPATH\Views\website.php(1): CodeIgniter\View\View->include('include/header')
 4 SYSTEMPATH\View\View.php(226): include('C:\\laragon\\www\\ebike\\app\\Views\\website.php')
 5 SYSTEMPATH\View\View.php(229): CodeIgniter\View\View->CodeIgniter\View\{closure}()
 6 SYSTEMPATH\Common.php(1188): CodeIgniter\View\View->render('website', [], true)
 7 APPPATH\Controllers\AdminController.php(11): view('website')
 8 SYSTEMPATH\CodeIgniter.php(919): App\Controllers\AdminController->website()
 9 SYSTEMPATH\CodeIgniter.php(494): CodeIgniter\CodeIgniter->runController(Object(App\Controllers\AdminController))
10 SYSTEMPATH\CodeIgniter.php(353): CodeIgniter\CodeIgniter->handleRequest(null, Object(Config\Cache), false)
11 FCPATH\index.php(79): CodeIgniter\CodeIgniter->run()
12 SYSTEMPATH\Commands\Server\rewrite.php(47): require_once('C:\\laragon\\www\\ebike\\public\\index.php')
CRITICAL - 2023-11-01 01:14:38 --> Invalid file: "include/header.php"
in SYSTEMPATH\Exceptions\FrameworkException.php on line 39.
 1 SYSTEMPATH\View\View.php(214): CodeIgniter\Exceptions\FrameworkException::forInvalidFile('include/header.php')
 2 SYSTEMPATH\View\View.php(467): CodeIgniter\View\View->render('include/header', null, true)
 3 APPPATH\Views\website.php(1): CodeIgniter\View\View->include('include/header')
 4 SYSTEMPATH\View\View.php(226): include('C:\\laragon\\www\\ebike\\app\\Views\\website.php')
 5 SYSTEMPATH\View\View.php(229): CodeIgniter\View\View->CodeIgniter\View\{closure}()
 6 SYSTEMPATH\Common.php(1188): CodeIgniter\View\View->render('website', [], true)
 7 APPPATH\Controllers\AdminController.php(11): view('website')
 8 SYSTEMPATH\CodeIgniter.php(919): App\Controllers\AdminController->website()
 9 SYSTEMPATH\CodeIgniter.php(494): CodeIgniter\CodeIgniter->runController(Object(App\Controllers\AdminController))
10 SYSTEMPATH\CodeIgniter.php(353): CodeIgniter\CodeIgniter->handleRequest(null, Object(Config\Cache), false)
11 FCPATH\index.php(79): CodeIgniter\CodeIgniter->run()
12 SYSTEMPATH\Commands\Server\rewrite.php(47): require_once('C:\\laragon\\www\\ebike\\public\\index.php')
CRITICAL - 2023-11-01 01:18:38 --> Invalid file: "admin/chart.php"
in SYSTEMPATH\Exceptions\FrameworkException.php on line 39.
 1 SYSTEMPATH\View\View.php(214): CodeIgniter\Exceptions\FrameworkException::forInvalidFile('admin/chart.php')
 2 SYSTEMPATH\View\View.php(467): CodeIgniter\View\View->render('admin/chart', null, true)
 3 APPPATH\Views\website.php(7): CodeIgniter\View\View->include('admin/chart')
 4 SYSTEMPATH\View\View.php(226): include('C:\\laragon\\www\\ebike\\app\\Views\\website.php')
 5 SYSTEMPATH\View\View.php(229): CodeIgniter\View\View->CodeIgniter\View\{closure}()
 6 SYSTEMPATH\Common.php(1188): CodeIgniter\View\View->render('website', [], true)
 7 APPPATH\Controllers\AdminController.php(11): view('website')
 8 SYSTEMPATH\CodeIgniter.php(919): App\Controllers\AdminController->website()
 9 SYSTEMPATH\CodeIgniter.php(494): CodeIgniter\CodeIgniter->runController(Object(App\Controllers\AdminController))
10 SYSTEMPATH\CodeIgniter.php(353): CodeIgniter\CodeIgniter->handleRequest(null, Object(Config\Cache), false)
11 FCPATH\index.php(79): CodeIgniter\CodeIgniter->run()
12 SYSTEMPATH\Commands\Server\rewrite.php(47): require_once('C:\\laragon\\www\\ebike\\public\\index.php')
CRITICAL - 2023-11-01 01:19:14 --> Invalid file: "admin/chart.php"
in SYSTEMPATH\Exceptions\FrameworkException.php on line 39.
 1 SYSTEMPATH\View\View.php(214): CodeIgniter\Exceptions\FrameworkException::forInvalidFile('admin/chart.php')
 2 SYSTEMPATH\View\View.php(467): CodeIgniter\View\View->render('admin/chart', null, true)
 3 APPPATH\Views\website.php(7): CodeIgniter\View\View->include('admin/chart')
 4 SYSTEMPATH\View\View.php(226): include('C:\\laragon\\www\\ebike\\app\\Views\\website.php')
 5 SYSTEMPATH\View\View.php(229): CodeIgniter\View\View->CodeIgniter\View\{closure}()
 6 SYSTEMPATH\Common.php(1188): CodeIgniter\View\View->render('website', [], true)
 7 APPPATH\Controllers\AdminController.php(11): view('website')
 8 SYSTEMPATH\CodeIgniter.php(919): App\Controllers\AdminController->website()
 9 SYSTEMPATH\CodeIgniter.php(494): CodeIgniter\CodeIgniter->runController(Object(App\Controllers\AdminController))
10 SYSTEMPATH\CodeIgniter.php(353): CodeIgniter\CodeIgniter->handleRequest(null, Object(Config\Cache), false)
11 FCPATH\index.php(79): CodeIgniter\CodeIgniter->run()
12 SYSTEMPATH\Commands\Server\rewrite.php(47): require_once('C:\\laragon\\www\\ebike\\public\\index.php')
CRITICAL - 2023-11-01 01:19:40 --> Invalid file: "admin/chart.php"
in SYSTEMPATH\Exceptions\FrameworkException.php on line 39.
 1 SYSTEMPATH\View\View.php(214): CodeIgniter\Exceptions\FrameworkException::forInvalidFile('admin/chart.php')
 2 SYSTEMPATH\View\View.php(467): CodeIgniter\View\View->render('admin/chart', null, true)
 3 APPPATH\Views\website.php(7): CodeIgniter\View\View->include('admin/chart')
 4 SYSTEMPATH\View\View.php(226): include('C:\\laragon\\www\\ebike\\app\\Views\\website.php')
 5 SYSTEMPATH\View\View.php(229): CodeIgniter\View\View->CodeIgniter\View\{closure}()
 6 SYSTEMPATH\Common.php(1188): CodeIgniter\View\View->render('website', [], true)
 7 APPPATH\Controllers\AdminController.php(11): view('website')
 8 SYSTEMPATH\CodeIgniter.php(919): App\Controllers\AdminController->website()
 9 SYSTEMPATH\CodeIgniter.php(494): CodeIgniter\CodeIgniter->runController(Object(App\Controllers\AdminController))
10 SYSTEMPATH\CodeIgniter.php(353): CodeIgniter\CodeIgniter->handleRequest(null, Object(Config\Cache), false)
11 FCPATH\index.php(79): CodeIgniter\CodeIgniter->run()
12 SYSTEMPATH\Commands\Server\rewrite.php(47): require_once('C:\\laragon\\www\\ebike\\public\\index.php')
CRITICAL - 2023-11-01 01:26:15 --> Invalid file: "admin/website.php"
in SYSTEMPATH\Exceptions\FrameworkException.php on line 39.
 1 SYSTEMPATH\View\View.php(214): CodeIgniter\Exceptions\FrameworkException::forInvalidFile('admin/website.php')
 2 SYSTEMPATH\Common.php(1188): CodeIgniter\View\View->render('admin/website', [], true)
 3 APPPATH\Controllers\AdminController.php(11): view('admin/website')
 4 SYSTEMPATH\CodeIgniter.php(919): App\Controllers\AdminController->website()
 5 SYSTEMPATH\CodeIgniter.php(494): CodeIgniter\CodeIgniter->runController(Object(App\Controllers\AdminController))
 6 SYSTEMPATH\CodeIgniter.php(353): CodeIgniter\CodeIgniter->handleRequest(null, Object(Config\Cache), false)
 7 FCPATH\index.php(79): CodeIgniter\CodeIgniter->run()
 8 SYSTEMPATH\Commands\Server\rewrite.php(47): require_once('C:\\laragon\\www\\ebike\\public\\index.php')
CRITICAL - 2023-11-01 01:26:16 --> Invalid file: "admin/website.php"
in SYSTEMPATH\Exceptions\FrameworkException.php on line 39.
 1 SYSTEMPATH\View\View.php(214): CodeIgniter\Exceptions\FrameworkException::forInvalidFile('admin/website.php')
 2 SYSTEMPATH\Common.php(1188): CodeIgniter\View\View->render('admin/website', [], true)
 3 APPPATH\Controllers\AdminController.php(11): view('admin/website')
 4 SYSTEMPATH\CodeIgniter.php(919): App\Controllers\AdminController->website()
 5 SYSTEMPATH\CodeIgniter.php(494): CodeIgniter\CodeIgniter->runController(Object(App\Controllers\AdminController))
 6 SYSTEMPATH\CodeIgniter.php(353): CodeIgniter\CodeIgniter->handleRequest(null, Object(Config\Cache), false)
 7 FCPATH\index.php(79): CodeIgniter\CodeIgniter->run()
 8 SYSTEMPATH\Commands\Server\rewrite.php(47): require_once('C:\\laragon\\www\\ebike\\public\\index.php')
CRITICAL - 2023-11-01 01:26:37 --> Invalid file: "admin/website.php"
in SYSTEMPATH\Exceptions\FrameworkException.php on line 39.
 1 SYSTEMPATH\View\View.php(214): CodeIgniter\Exceptions\FrameworkException::forInvalidFile('admin/website.php')
 2 SYSTEMPATH\Common.php(1188): CodeIgniter\View\View->render('admin/website', [], true)
 3 APPPATH\Controllers\AdminController.php(11): view('admin/website')
 4 SYSTEMPATH\CodeIgniter.php(919): App\Controllers\AdminController->website()
 5 SYSTEMPATH\CodeIgniter.php(494): CodeIgniter\CodeIgniter->runController(Object(App\Controllers\AdminController))
 6 SYSTEMPATH\CodeIgniter.php(353): CodeIgniter\CodeIgniter->handleRequest(null, Object(Config\Cache), false)
 7 FCPATH\index.php(79): CodeIgniter\CodeIgniter->run()
 8 SYSTEMPATH\Commands\Server\rewrite.php(47): require_once('C:\\laragon\\www\\ebike\\public\\index.php')
CRITICAL - 2023-11-01 01:26:38 --> Invalid file: "admin/website.php"
in SYSTEMPATH\Exceptions\FrameworkException.php on line 39.
 1 SYSTEMPATH\View\View.php(214): CodeIgniter\Exceptions\FrameworkException::forInvalidFile('admin/website.php')
 2 SYSTEMPATH\Common.php(1188): CodeIgniter\View\View->render('admin/website', [], true)
 3 APPPATH\Controllers\AdminController.php(11): view('admin/website')
 4 SYSTEMPATH\CodeIgniter.php(919): App\Controllers\AdminController->website()
 5 SYSTEMPATH\CodeIgniter.php(494): CodeIgniter\CodeIgniter->runController(Object(App\Controllers\AdminController))
 6 SYSTEMPATH\CodeIgniter.php(353): CodeIgniter\CodeIgniter->handleRequest(null, Object(Config\Cache), false)
 7 FCPATH\index.php(79): CodeIgniter\CodeIgniter->run()
 8 SYSTEMPATH\Commands\Server\rewrite.php(47): require_once('C:\\laragon\\www\\ebike\\public\\index.php')
CRITICAL - 2023-11-01 01:28:15 --> Invalid file: "admin/website.php"
in SYSTEMPATH\Exceptions\FrameworkException.php on line 39.
 1 SYSTEMPATH\View\View.php(214): CodeIgniter\Exceptions\FrameworkException::forInvalidFile('admin/website.php')
 2 SYSTEMPATH\Common.php(1188): CodeIgniter\View\View->render('admin/website', [], true)
 3 APPPATH\Controllers\AdminController.php(11): view('admin/website')
 4 SYSTEMPATH\CodeIgniter.php(919): App\Controllers\AdminController->website()
 5 SYSTEMPATH\CodeIgniter.php(494): CodeIgniter\CodeIgniter->runController(Object(App\Controllers\AdminController))
 6 SYSTEMPATH\CodeIgniter.php(353): CodeIgniter\CodeIgniter->handleRequest(null, Object(Config\Cache), false)
 7 FCPATH\index.php(79): CodeIgniter\CodeIgniter->run()
 8 SYSTEMPATH\Commands\Server\rewrite.php(47): require_once('C:\\laragon\\www\\ebike\\public\\index.php')
CRITICAL - 2023-11-01 01:29:50 --> Invalid file: "/admin/website.php"
in SYSTEMPATH\Exceptions\FrameworkException.php on line 39.
 1 SYSTEMPATH\View\View.php(214): CodeIgniter\Exceptions\FrameworkException::forInvalidFile('/admin/website.php')
 2 SYSTEMPATH\Common.php(1188): CodeIgniter\View\View->render('/admin/website', [], true)
 3 APPPATH\Controllers\AdminController.php(11): view('/admin/website')
 4 SYSTEMPATH\CodeIgniter.php(919): App\Controllers\AdminController->website()
 5 SYSTEMPATH\CodeIgniter.php(494): CodeIgniter\CodeIgniter->runController(Object(App\Controllers\AdminController))
 6 SYSTEMPATH\CodeIgniter.php(353): CodeIgniter\CodeIgniter->handleRequest(null, Object(Config\Cache), false)
 7 FCPATH\index.php(79): CodeIgniter\CodeIgniter->run()
 8 SYSTEMPATH\Commands\Server\rewrite.php(47): require_once('C:\\laragon\\www\\ebike\\public\\index.php')
CRITICAL - 2023-11-01 01:32:41 --> Invalid file: "/admin/website.php"
in SYSTEMPATH\Exceptions\FrameworkException.php on line 39.
 1 SYSTEMPATH\View\View.php(214): CodeIgniter\Exceptions\FrameworkException::forInvalidFile('/admin/website.php')
 2 SYSTEMPATH\Common.php(1188): CodeIgniter\View\View->render('/admin/website', [], true)
 3 APPPATH\Controllers\AdminController.php(11): view('/admin/website')
 4 SYSTEMPATH\CodeIgniter.php(919): App\Controllers\AdminController->website()
 5 SYSTEMPATH\CodeIgniter.php(494): CodeIgniter\CodeIgniter->runController(Object(App\Controllers\AdminController))
 6 SYSTEMPATH\CodeIgniter.php(353): CodeIgniter\CodeIgniter->handleRequest(null, Object(Config\Cache), false)
 7 FCPATH\index.php(79): CodeIgniter\CodeIgniter->run()
 8 SYSTEMPATH\Commands\Server\rewrite.php(47): require_once('C:\\laragon\\www\\ebike\\public\\index.php')
CRITICAL - 2023-11-01 01:32:42 --> Invalid file: "/admin/website.php"
in SYSTEMPATH\Exceptions\FrameworkException.php on line 39.
 1 SYSTEMPATH\View\View.php(214): CodeIgniter\Exceptions\FrameworkException::forInvalidFile('/admin/website.php')
 2 SYSTEMPATH\Common.php(1188): CodeIgniter\View\View->render('/admin/website', [], true)
 3 APPPATH\Controllers\AdminController.php(11): view('/admin/website')
 4 SYSTEMPATH\CodeIgniter.php(919): App\Controllers\AdminController->website()
 5 SYSTEMPATH\CodeIgniter.php(494): CodeIgniter\CodeIgniter->runController(Object(App\Controllers\AdminController))
 6 SYSTEMPATH\CodeIgniter.php(353): CodeIgniter\CodeIgniter->handleRequest(null, Object(Config\Cache), false)
 7 FCPATH\index.php(79): CodeIgniter\CodeIgniter->run()
 8 SYSTEMPATH\Commands\Server\rewrite.php(47): require_once('C:\\laragon\\www\\ebike\\public\\index.php')
CRITICAL - 2023-11-01 01:32:42 --> Invalid file: "/admin/website.php"
in SYSTEMPATH\Exceptions\FrameworkException.php on line 39.
 1 SYSTEMPATH\View\View.php(214): CodeIgniter\Exceptions\FrameworkException::forInvalidFile('/admin/website.php')
 2 SYSTEMPATH\Common.php(1188): CodeIgniter\View\View->render('/admin/website', [], true)
 3 APPPATH\Controllers\AdminController.php(11): view('/admin/website')
 4 SYSTEMPATH\CodeIgniter.php(919): App\Controllers\AdminController->website()
 5 SYSTEMPATH\CodeIgniter.php(494): CodeIgniter\CodeIgniter->runController(Object(App\Controllers\AdminController))
 6 SYSTEMPATH\CodeIgniter.php(353): CodeIgniter\CodeIgniter->handleRequest(null, Object(Config\Cache), false)
 7 FCPATH\index.php(79): CodeIgniter\CodeIgniter->run()
 8 SYSTEMPATH\Commands\Server\rewrite.php(47): require_once('C:\\laragon\\www\\ebike\\public\\index.php')
CRITICAL - 2023-11-01 01:32:42 --> Invalid file: "/admin/website.php"
in SYSTEMPATH\Exceptions\FrameworkException.php on line 39.
 1 SYSTEMPATH\View\View.php(214): CodeIgniter\Exceptions\FrameworkException::forInvalidFile('/admin/website.php')
 2 SYSTEMPATH\Common.php(1188): CodeIgniter\View\View->render('/admin/website', [], true)
 3 APPPATH\Controllers\AdminController.php(11): view('/admin/website')
 4 SYSTEMPATH\CodeIgniter.php(919): App\Controllers\AdminController->website()
 5 SYSTEMPATH\CodeIgniter.php(494): CodeIgniter\CodeIgniter->runController(Object(App\Controllers\AdminController))
 6 SYSTEMPATH\CodeIgniter.php(353): CodeIgniter\CodeIgniter->handleRequest(null, Object(Config\Cache), false)
 7 FCPATH\index.php(79): CodeIgniter\CodeIgniter->run()
 8 SYSTEMPATH\Commands\Server\rewrite.php(47): require_once('C:\\laragon\\www\\ebike\\public\\index.php')
CRITICAL - 2023-11-01 01:32:57 --> Invalid file: "include/website.php"
in SYSTEMPATH\Exceptions\FrameworkException.php on line 39.
 1 SYSTEMPATH\View\View.php(214): CodeIgniter\Exceptions\FrameworkException::forInvalidFile('include/website.php')
 2 SYSTEMPATH\Common.php(1188): CodeIgniter\View\View->render('include/website', [], true)
 3 APPPATH\Controllers\AdminController.php(11): view('include/website')
 4 SYSTEMPATH\CodeIgniter.php(919): App\Controllers\AdminController->website()
 5 SYSTEMPATH\CodeIgniter.php(494): CodeIgniter\CodeIgniter->runController(Object(App\Controllers\AdminController))
 6 SYSTEMPATH\CodeIgniter.php(353): CodeIgniter\CodeIgniter->handleRequest(null, Object(Config\Cache), false)
 7 FCPATH\index.php(79): CodeIgniter\CodeIgniter->run()
 8 SYSTEMPATH\Commands\Server\rewrite.php(47): require_once('C:\\laragon\\www\\ebike\\public\\index.php')
CRITICAL - 2023-11-01 01:32:58 --> Invalid file: "include/website.php"
in SYSTEMPATH\Exceptions\FrameworkException.php on line 39.
 1 SYSTEMPATH\View\View.php(214): CodeIgniter\Exceptions\FrameworkException::forInvalidFile('include/website.php')
 2 SYSTEMPATH\Common.php(1188): CodeIgniter\View\View->render('include/website', [], true)
 3 APPPATH\Controllers\AdminController.php(11): view('include/website')
 4 SYSTEMPATH\CodeIgniter.php(919): App\Controllers\AdminController->website()
 5 SYSTEMPATH\CodeIgniter.php(494): CodeIgniter\CodeIgniter->runController(Object(App\Controllers\AdminController))
 6 SYSTEMPATH\CodeIgniter.php(353): CodeIgniter\CodeIgniter->handleRequest(null, Object(Config\Cache), false)
 7 FCPATH\index.php(79): CodeIgniter\CodeIgniter->run()
 8 SYSTEMPATH\Commands\Server\rewrite.php(47): require_once('C:\\laragon\\www\\ebike\\public\\index.php')
CRITICAL - 2023-11-01 01:32:58 --> Invalid file: "include/website.php"
in SYSTEMPATH\Exceptions\FrameworkException.php on line 39.
 1 SYSTEMPATH\View\View.php(214): CodeIgniter\Exceptions\FrameworkException::forInvalidFile('include/website.php')
 2 SYSTEMPATH\Common.php(1188): CodeIgniter\View\View->render('include/website', [], true)
 3 APPPATH\Controllers\AdminController.php(11): view('include/website')
 4 SYSTEMPATH\CodeIgniter.php(919): App\Controllers\AdminController->website()
 5 SYSTEMPATH\CodeIgniter.php(494): CodeIgniter\CodeIgniter->runController(Object(App\Controllers\AdminController))
 6 SYSTEMPATH\CodeIgniter.php(353): CodeIgniter\CodeIgniter->handleRequest(null, Object(Config\Cache), false)
 7 FCPATH\index.php(79): CodeIgniter\CodeIgniter->run()
 8 SYSTEMPATH\Commands\Server\rewrite.php(47): require_once('C:\\laragon\\www\\ebike\\public\\index.php')
CRITICAL - 2023-11-01 01:32:58 --> Invalid file: "include/website.php"
in SYSTEMPATH\Exceptions\FrameworkException.php on line 39.
 1 SYSTEMPATH\View\View.php(214): CodeIgniter\Exceptions\FrameworkException::forInvalidFile('include/website.php')
 2 SYSTEMPATH\Common.php(1188): CodeIgniter\View\View->render('include/website', [], true)
 3 APPPATH\Controllers\AdminController.php(11): view('include/website')
 4 SYSTEMPATH\CodeIgniter.php(919): App\Controllers\AdminController->website()
 5 SYSTEMPATH\CodeIgniter.php(494): CodeIgniter\CodeIgniter->runController(Object(App\Controllers\AdminController))
 6 SYSTEMPATH\CodeIgniter.php(353): CodeIgniter\CodeIgniter->handleRequest(null, Object(Config\Cache), false)
 7 FCPATH\index.php(79): CodeIgniter\CodeIgniter->run()
 8 SYSTEMPATH\Commands\Server\rewrite.php(47): require_once('C:\\laragon\\www\\ebike\\public\\index.php')
CRITICAL - 2023-11-01 01:32:58 --> Invalid file: "include/website.php"
in SYSTEMPATH\Exceptions\FrameworkException.php on line 39.
 1 SYSTEMPATH\View\View.php(214): CodeIgniter\Exceptions\FrameworkException::forInvalidFile('include/website.php')
 2 SYSTEMPATH\Common.php(1188): CodeIgniter\View\View->render('include/website', [], true)
 3 APPPATH\Controllers\AdminController.php(11): view('include/website')
 4 SYSTEMPATH\CodeIgniter.php(919): App\Controllers\AdminController->website()
 5 SYSTEMPATH\CodeIgniter.php(494): CodeIgniter\CodeIgniter->runController(Object(App\Controllers\AdminController))
 6 SYSTEMPATH\CodeIgniter.php(353): CodeIgniter\CodeIgniter->handleRequest(null, Object(Config\Cache), false)
 7 FCPATH\index.php(79): CodeIgniter\CodeIgniter->run()
 8 SYSTEMPATH\Commands\Server\rewrite.php(47): require_once('C:\\laragon\\www\\ebike\\public\\index.php')
CRITICAL - 2023-11-01 01:32:58 --> Invalid file: "include/website.php"
in SYSTEMPATH\Exceptions\FrameworkException.php on line 39.
 1 SYSTEMPATH\View\View.php(214): CodeIgniter\Exceptions\FrameworkException::forInvalidFile('include/website.php')
 2 SYSTEMPATH\Common.php(1188): CodeIgniter\View\View->render('include/website', [], true)
 3 APPPATH\Controllers\AdminController.php(11): view('include/website')
 4 SYSTEMPATH\CodeIgniter.php(919): App\Controllers\AdminController->website()
 5 SYSTEMPATH\CodeIgniter.php(494): CodeIgniter\CodeIgniter->runController(Object(App\Controllers\AdminController))
 6 SYSTEMPATH\CodeIgniter.php(353): CodeIgniter\CodeIgniter->handleRequest(null, Object(Config\Cache), false)
 7 FCPATH\index.php(79): CodeIgniter\CodeIgniter->run()
 8 SYSTEMPATH\Commands\Server\rewrite.php(47): require_once('C:\\laragon\\www\\ebike\\public\\index.php')
CRITICAL - 2023-11-01 01:32:58 --> Invalid file: "include/website.php"
in SYSTEMPATH\Exceptions\FrameworkException.php on line 39.
 1 SYSTEMPATH\View\View.php(214): CodeIgniter\Exceptions\FrameworkException::forInvalidFile('include/website.php')
 2 SYSTEMPATH\Common.php(1188): CodeIgniter\View\View->render('include/website', [], true)
 3 APPPATH\Controllers\AdminController.php(11): view('include/website')
 4 SYSTEMPATH\CodeIgniter.php(919): App\Controllers\AdminController->website()
 5 SYSTEMPATH\CodeIgniter.php(494): CodeIgniter\CodeIgniter->runController(Object(App\Controllers\AdminController))
 6 SYSTEMPATH\CodeIgniter.php(353): CodeIgniter\CodeIgniter->handleRequest(null, Object(Config\Cache), false)
 7 FCPATH\index.php(79): CodeIgniter\CodeIgniter->run()
 8 SYSTEMPATH\Commands\Server\rewrite.php(47): require_once('C:\\laragon\\www\\ebike\\public\\index.php')
CRITICAL - 2023-11-01 01:32:59 --> Invalid file: "include/website.php"
in SYSTEMPATH\Exceptions\FrameworkException.php on line 39.
 1 SYSTEMPATH\View\View.php(214): CodeIgniter\Exceptions\FrameworkException::forInvalidFile('include/website.php')
 2 SYSTEMPATH\Common.php(1188): CodeIgniter\View\View->render('include/website', [], true)
 3 APPPATH\Controllers\AdminController.php(11): view('include/website')
 4 SYSTEMPATH\CodeIgniter.php(919): App\Controllers\AdminController->website()
 5 SYSTEMPATH\CodeIgniter.php(494): CodeIgniter\CodeIgniter->runController(Object(App\Controllers\AdminController))
 6 SYSTEMPATH\CodeIgniter.php(353): CodeIgniter\CodeIgniter->handleRequest(null, Object(Config\Cache), false)
 7 FCPATH\index.php(79): CodeIgniter\CodeIgniter->run()
 8 SYSTEMPATH\Commands\Server\rewrite.php(47): require_once('C:\\laragon\\www\\ebike\\public\\index.php')
CRITICAL - 2023-11-01 01:32:59 --> Invalid file: "include/website.php"
in SYSTEMPATH\Exceptions\FrameworkException.php on line 39.
 1 SYSTEMPATH\View\View.php(214): CodeIgniter\Exceptions\FrameworkException::forInvalidFile('include/website.php')
 2 SYSTEMPATH\Common.php(1188): CodeIgniter\View\View->render('include/website', [], true)
 3 APPPATH\Controllers\AdminController.php(11): view('include/website')
 4 SYSTEMPATH\CodeIgniter.php(919): App\Controllers\AdminController->website()
 5 SYSTEMPATH\CodeIgniter.php(494): CodeIgniter\CodeIgniter->runController(Object(App\Controllers\AdminController))
 6 SYSTEMPATH\CodeIgniter.php(353): CodeIgniter\CodeIgniter->handleRequest(null, Object(Config\Cache), false)
 7 FCPATH\index.php(79): CodeIgniter\CodeIgniter->run()
 8 SYSTEMPATH\Commands\Server\rewrite.php(47): require_once('C:\\laragon\\www\\ebike\\public\\index.php')
CRITICAL - 2023-11-01 01:32:59 --> Invalid file: "include/website.php"
in SYSTEMPATH\Exceptions\FrameworkException.php on line 39.
 1 SYSTEMPATH\View\View.php(214): CodeIgniter\Exceptions\FrameworkException::forInvalidFile('include/website.php')
 2 SYSTEMPATH\Common.php(1188): CodeIgniter\View\View->render('include/website', [], true)
 3 APPPATH\Controllers\AdminController.php(11): view('include/website')
 4 SYSTEMPATH\CodeIgniter.php(919): App\Controllers\AdminController->website()
 5 SYSTEMPATH\CodeIgniter.php(494): CodeIgniter\CodeIgniter->runController(Object(App\Controllers\AdminController))
 6 SYSTEMPATH\CodeIgniter.php(353): CodeIgniter\CodeIgniter->handleRequest(null, Object(Config\Cache), false)
 7 FCPATH\index.php(79): CodeIgniter\CodeIgniter->run()
 8 SYSTEMPATH\Commands\Server\rewrite.php(47): require_once('C:\\laragon\\www\\ebike\\public\\index.php')
CRITICAL - 2023-11-01 01:40:44 --> Invalid file: "include/website.php"
in SYSTEMPATH\Exceptions\FrameworkException.php on line 39.
 1 SYSTEMPATH\View\View.php(214): CodeIgniter\Exceptions\FrameworkException::forInvalidFile('include/website.php')
 2 SYSTEMPATH\Common.php(1188): CodeIgniter\View\View->render('include/website', [], true)
 3 APPPATH\Controllers\AdminController.php(11): view('include/website')
 4 SYSTEMPATH\CodeIgniter.php(919): App\Controllers\AdminController->website()
 5 SYSTEMPATH\CodeIgniter.php(494): CodeIgniter\CodeIgniter->runController(Object(App\Controllers\AdminController))
 6 SYSTEMPATH\CodeIgniter.php(353): CodeIgniter\CodeIgniter->handleRequest(null, Object(Config\Cache), false)
 7 FCPATH\index.php(79): CodeIgniter\CodeIgniter->run()
 8 SYSTEMPATH\Commands\Server\rewrite.php(47): require_once('C:\\laragon\\www\\ebike\\public\\index.php')
CRITICAL - 2023-11-01 01:47:38 --> Invalid file: "include/website.php"
in SYSTEMPATH\Exceptions\FrameworkException.php on line 39.
 1 SYSTEMPATH\View\View.php(214): CodeIgniter\Exceptions\FrameworkException::forInvalidFile('include/website.php')
 2 SYSTEMPATH\Common.php(1188): CodeIgniter\View\View->render('include/website', [], true)
 3 APPPATH\Controllers\AdminController.php(11): view('include/website')
 4 SYSTEMPATH\CodeIgniter.php(919): App\Controllers\AdminController->website()
 5 SYSTEMPATH\CodeIgniter.php(494): CodeIgniter\CodeIgniter->runController(Object(App\Controllers\AdminController))
 6 SYSTEMPATH\CodeIgniter.php(353): CodeIgniter\CodeIgniter->handleRequest(null, Object(Config\Cache), false)
 7 FCPATH\index.php(79): CodeIgniter\CodeIgniter->run()
 8 SYSTEMPATH\Commands\Server\rewrite.php(47): require_once('C:\\laragon\\www\\ebike\\public\\index.php')
CRITICAL - 2023-11-01 01:47:39 --> Invalid file: "include/website.php"
in SYSTEMPATH\Exceptions\FrameworkException.php on line 39.
 1 SYSTEMPATH\View\View.php(214): CodeIgniter\Exceptions\FrameworkException::forInvalidFile('include/website.php')
 2 SYSTEMPATH\Common.php(1188): CodeIgniter\View\View->render('include/website', [], true)
 3 APPPATH\Controllers\AdminController.php(11): view('include/website')
 4 SYSTEMPATH\CodeIgniter.php(919): App\Controllers\AdminController->website()
 5 SYSTEMPATH\CodeIgniter.php(494): CodeIgniter\CodeIgniter->runController(Object(App\Controllers\AdminController))
 6 SYSTEMPATH\CodeIgniter.php(353): CodeIgniter\CodeIgniter->handleRequest(null, Object(Config\Cache), false)
 7 FCPATH\index.php(79): CodeIgniter\CodeIgniter->run()
 8 SYSTEMPATH\Commands\Server\rewrite.php(47): require_once('C:\\laragon\\www\\ebike\\public\\index.php')
CRITICAL - 2023-11-01 01:47:39 --> Invalid file: "include/website.php"
in SYSTEMPATH\Exceptions\FrameworkException.php on line 39.
 1 SYSTEMPATH\View\View.php(214): CodeIgniter\Exceptions\FrameworkException::forInvalidFile('include/website.php')
 2 SYSTEMPATH\Common.php(1188): CodeIgniter\View\View->render('include/website', [], true)
 3 APPPATH\Controllers\AdminController.php(11): view('include/website')
 4 SYSTEMPATH\CodeIgniter.php(919): App\Controllers\AdminController->website()
 5 SYSTEMPATH\CodeIgniter.php(494): CodeIgniter\CodeIgniter->runController(Object(App\Controllers\AdminController))
 6 SYSTEMPATH\CodeIgniter.php(353): CodeIgniter\CodeIgniter->handleRequest(null, Object(Config\Cache), false)
 7 FCPATH\index.php(79): CodeIgniter\CodeIgniter->run()
 8 SYSTEMPATH\Commands\Server\rewrite.php(47): require_once('C:\\laragon\\www\\ebike\\public\\index.php')
CRITICAL - 2023-11-01 01:48:04 --> Invalid file: "include/website.php"
in SYSTEMPATH\Exceptions\FrameworkException.php on line 39.
 1 SYSTEMPATH\View\View.php(214): CodeIgniter\Exceptions\FrameworkException::forInvalidFile('include/website.php')
 2 SYSTEMPATH\Common.php(1188): CodeIgniter\View\View->render('include/website', [], true)
 3 APPPATH\Controllers\AdminController.php(11): view('include/website')
 4 SYSTEMPATH\CodeIgniter.php(919): App\Controllers\AdminController->website()
 5 SYSTEMPATH\CodeIgniter.php(494): CodeIgniter\CodeIgniter->runController(Object(App\Controllers\AdminController))
 6 SYSTEMPATH\CodeIgniter.php(353): CodeIgniter\CodeIgniter->handleRequest(null, Object(Config\Cache), false)
 7 FCPATH\index.php(79): CodeIgniter\CodeIgniter->run()
 8 SYSTEMPATH\Commands\Server\rewrite.php(47): require_once('C:\\laragon\\www\\ebike\\public\\index.php')
CRITICAL - 2023-11-01 01:48:05 --> Invalid file: "include/website.php"
in SYSTEMPATH\Exceptions\FrameworkException.php on line 39.
 1 SYSTEMPATH\View\View.php(214): CodeIgniter\Exceptions\FrameworkException::forInvalidFile('include/website.php')
 2 SYSTEMPATH\Common.php(1188): CodeIgniter\View\View->render('include/website', [], true)
 3 APPPATH\Controllers\AdminController.php(11): view('include/website')
 4 SYSTEMPATH\CodeIgniter.php(919): App\Controllers\AdminController->website()
 5 SYSTEMPATH\CodeIgniter.php(494): CodeIgniter\CodeIgniter->runController(Object(App\Controllers\AdminController))
 6 SYSTEMPATH\CodeIgniter.php(353): CodeIgniter\CodeIgniter->handleRequest(null, Object(Config\Cache), false)
 7 FCPATH\index.php(79): CodeIgniter\CodeIgniter->run()
 8 SYSTEMPATH\Commands\Server\rewrite.php(47): require_once('C:\\laragon\\www\\ebike\\public\\index.php')
CRITICAL - 2023-11-01 05:26:46 --> Invalid file: "include/website.php"
in SYSTEMPATH\Exceptions\FrameworkException.php on line 39.
 1 SYSTEMPATH\View\View.php(214): CodeIgniter\Exceptions\FrameworkException::forInvalidFile('include/website.php')
 2 SYSTEMPATH\Common.php(1188): CodeIgniter\View\View->render('include/website', [], true)
 3 APPPATH\Controllers\AdminController.php(11): view('include/website')
 4 SYSTEMPATH\CodeIgniter.php(919): App\Controllers\AdminController->website()
 5 SYSTEMPATH\CodeIgniter.php(494): CodeIgniter\CodeIgniter->runController(Object(App\Controllers\AdminController))
 6 SYSTEMPATH\CodeIgniter.php(353): CodeIgniter\CodeIgniter->handleRequest(null, Object(Config\Cache), false)
 7 FCPATH\index.php(79): CodeIgniter\CodeIgniter->run()
 8 SYSTEMPATH\Commands\Server\rewrite.php(47): require_once('C:\\laragon\\www\\ebike\\public\\index.php')
CRITICAL - 2023-11-01 05:26:46 --> Invalid file: "include/website.php"
in SYSTEMPATH\Exceptions\FrameworkException.php on line 39.
 1 SYSTEMPATH\View\View.php(214): CodeIgniter\Exceptions\FrameworkException::forInvalidFile('include/website.php')
 2 SYSTEMPATH\Common.php(1188): CodeIgniter\View\View->render('include/website', [], true)
 3 APPPATH\Controllers\AdminController.php(11): view('include/website')
 4 SYSTEMPATH\CodeIgniter.php(919): App\Controllers\AdminController->website()
 5 SYSTEMPATH\CodeIgniter.php(494): CodeIgniter\CodeIgniter->runController(Object(App\Controllers\AdminController))
 6 SYSTEMPATH\CodeIgniter.php(353): CodeIgniter\CodeIgniter->handleRequest(null, Object(Config\Cache), false)
 7 FCPATH\index.php(79): CodeIgniter\CodeIgniter->run()
 8 SYSTEMPATH\Commands\Server\rewrite.php(47): require_once('C:\\laragon\\www\\ebike\\public\\index.php')
CRITICAL - 2023-11-01 05:27:41 --> Invalid file: "include/website.php"
in SYSTEMPATH\Exceptions\FrameworkException.php on line 39.
 1 SYSTEMPATH\View\View.php(214): CodeIgniter\Exceptions\FrameworkException::forInvalidFile('include/website.php')
 2 SYSTEMPATH\Common.php(1188): CodeIgniter\View\View->render('include/website', [], true)
 3 APPPATH\Controllers\AdminController.php(11): view('include/website')
 4 SYSTEMPATH\CodeIgniter.php(919): App\Controllers\AdminController->website()
 5 SYSTEMPATH\CodeIgniter.php(494): CodeIgniter\CodeIgniter->runController(Object(App\Controllers\AdminController))
 6 SYSTEMPATH\CodeIgniter.php(353): CodeIgniter\CodeIgniter->handleRequest(null, Object(Config\Cache), false)
 7 FCPATH\index.php(79): CodeIgniter\CodeIgniter->run()
 8 SYSTEMPATH\Commands\Server\rewrite.php(47): require_once('C:\\laragon\\www\\ebike\\public\\index.php')
CRITICAL - 2023-11-01 05:27:42 --> Invalid file: "include/website.php"
in SYSTEMPATH\Exceptions\FrameworkException.php on line 39.
 1 SYSTEMPATH\View\View.php(214): CodeIgniter\Exceptions\FrameworkException::forInvalidFile('include/website.php')
 2 SYSTEMPATH\Common.php(1188): CodeIgniter\View\View->render('include/website', [], true)
 3 APPPATH\Controllers\AdminController.php(11): view('include/website')
 4 SYSTEMPATH\CodeIgniter.php(919): App\Controllers\AdminController->website()
 5 SYSTEMPATH\CodeIgniter.php(494): CodeIgniter\CodeIgniter->runController(Object(App\Controllers\AdminController))
 6 SYSTEMPATH\CodeIgniter.php(353): CodeIgniter\CodeIgniter->handleRequest(null, Object(Config\Cache), false)
 7 FCPATH\index.php(79): CodeIgniter\CodeIgniter->run()
 8 SYSTEMPATH\Commands\Server\rewrite.php(47): require_once('C:\\laragon\\www\\ebike\\public\\index.php')
CRITICAL - 2023-11-01 05:27:42 --> Invalid file: "include/website.php"
in SYSTEMPATH\Exceptions\FrameworkException.php on line 39.
 1 SYSTEMPATH\View\View.php(214): CodeIgniter\Exceptions\FrameworkException::forInvalidFile('include/website.php')
 2 SYSTEMPATH\Common.php(1188): CodeIgniter\View\View->render('include/website', [], true)
 3 APPPATH\Controllers\AdminController.php(11): view('include/website')
 4 SYSTEMPATH\CodeIgniter.php(919): App\Controllers\AdminController->website()
 5 SYSTEMPATH\CodeIgniter.php(494): CodeIgniter\CodeIgniter->runController(Object(App\Controllers\AdminController))
 6 SYSTEMPATH\CodeIgniter.php(353): CodeIgniter\CodeIgniter->handleRequest(null, Object(Config\Cache), false)
 7 FCPATH\index.php(79): CodeIgniter\CodeIgniter->run()
 8 SYSTEMPATH\Commands\Server\rewrite.php(47): require_once('C:\\laragon\\www\\ebike\\public\\index.php')
CRITICAL - 2023-11-01 05:27:42 --> Invalid file: "include/website.php"
in SYSTEMPATH\Exceptions\FrameworkException.php on line 39.
 1 SYSTEMPATH\View\View.php(214): CodeIgniter\Exceptions\FrameworkException::forInvalidFile('include/website.php')
 2 SYSTEMPATH\Common.php(1188): CodeIgniter\View\View->render('include/website', [], true)
 3 APPPATH\Controllers\AdminController.php(11): view('include/website')
 4 SYSTEMPATH\CodeIgniter.php(919): App\Controllers\AdminController->website()
 5 SYSTEMPATH\CodeIgniter.php(494): CodeIgniter\CodeIgniter->runController(Object(App\Controllers\AdminController))
 6 SYSTEMPATH\CodeIgniter.php(353): CodeIgniter\CodeIgniter->handleRequest(null, Object(Config\Cache), false)
 7 FCPATH\index.php(79): CodeIgniter\CodeIgniter->run()
 8 SYSTEMPATH\Commands\Server\rewrite.php(47): require_once('C:\\laragon\\www\\ebike\\public\\index.php')
CRITICAL - 2023-11-01 05:27:43 --> Invalid file: "include/website.php"
in SYSTEMPATH\Exceptions\FrameworkException.php on line 39.
 1 SYSTEMPATH\View\View.php(214): CodeIgniter\Exceptions\FrameworkException::forInvalidFile('include/website.php')
 2 SYSTEMPATH\Common.php(1188): CodeIgniter\View\View->render('include/website', [], true)
 3 APPPATH\Controllers\AdminController.php(11): view('include/website')
 4 SYSTEMPATH\CodeIgniter.php(919): App\Controllers\AdminController->website()
 5 SYSTEMPATH\CodeIgniter.php(494): CodeIgniter\CodeIgniter->runController(Object(App\Controllers\AdminController))
 6 SYSTEMPATH\CodeIgniter.php(353): CodeIgniter\CodeIgniter->handleRequest(null, Object(Config\Cache), false)
 7 FCPATH\index.php(79): CodeIgniter\CodeIgniter->run()
 8 SYSTEMPATH\Commands\Server\rewrite.php(47): require_once('C:\\laragon\\www\\ebike\\public\\index.php')
CRITICAL - 2023-11-01 05:27:43 --> Invalid file: "include/website.php"
in SYSTEMPATH\Exceptions\FrameworkException.php on line 39.
 1 SYSTEMPATH\View\View.php(214): CodeIgniter\Exceptions\FrameworkException::forInvalidFile('include/website.php')
 2 SYSTEMPATH\Common.php(1188): CodeIgniter\View\View->render('include/website', [], true)
 3 APPPATH\Controllers\AdminController.php(11): view('include/website')
 4 SYSTEMPATH\CodeIgniter.php(919): App\Controllers\AdminController->website()
 5 SYSTEMPATH\CodeIgniter.php(494): CodeIgniter\CodeIgniter->runController(Object(App\Controllers\AdminController))
 6 SYSTEMPATH\CodeIgniter.php(353): CodeIgniter\CodeIgniter->handleRequest(null, Object(Config\Cache), false)
 7 FCPATH\index.php(79): CodeIgniter\CodeIgniter->run()
 8 SYSTEMPATH\Commands\Server\rewrite.php(47): require_once('C:\\laragon\\www\\ebike\\public\\index.php')
CRITICAL - 2023-11-01 05:28:07 --> Invalid file: "include/chart.php"
in SYSTEMPATH\Exceptions\FrameworkException.php on line 39.
 1 SYSTEMPATH\View\View.php(214): CodeIgniter\Exceptions\FrameworkException::forInvalidFile('include/chart.php')
 2 SYSTEMPATH\View\View.php(467): CodeIgniter\View\View->render('include/chart', null, true)
 3 APPPATH\Views\website.php(7): CodeIgniter\View\View->include('include/chart')
 4 SYSTEMPATH\View\View.php(226): include('C:\\laragon\\www\\ebike\\app\\Views\\website.php')
 5 SYSTEMPATH\View\View.php(229): CodeIgniter\View\View->CodeIgniter\View\{closure}()
 6 SYSTEMPATH\Common.php(1188): CodeIgniter\View\View->render('website', [], true)
 7 APPPATH\Controllers\AdminController.php(11): view('website')
 8 SYSTEMPATH\CodeIgniter.php(919): App\Controllers\AdminController->website()
 9 SYSTEMPATH\CodeIgniter.php(494): CodeIgniter\CodeIgniter->runController(Object(App\Controllers\AdminController))
10 SYSTEMPATH\CodeIgniter.php(353): CodeIgniter\CodeIgniter->handleRequest(null, Object(Config\Cache), false)
11 FCPATH\index.php(79): CodeIgniter\CodeIgniter->run()
12 SYSTEMPATH\Commands\Server\rewrite.php(47): require_once('C:\\laragon\\www\\ebike\\public\\index.php')
CRITICAL - 2023-11-01 05:28:42 --> Invalid file: "include/chart.php"
in SYSTEMPATH\Exceptions\FrameworkException.php on line 39.
 1 SYSTEMPATH\View\View.php(214): CodeIgniter\Exceptions\FrameworkException::forInvalidFile('include/chart.php')
 2 SYSTEMPATH\View\View.php(467): CodeIgniter\View\View->render('include/chart', null, true)
 3 APPPATH\Views\website.php(7): CodeIgniter\View\View->include('include/chart')
 4 SYSTEMPATH\View\View.php(226): include('C:\\laragon\\www\\ebike\\app\\Views\\website.php')
 5 SYSTEMPATH\View\View.php(229): CodeIgniter\View\View->CodeIgniter\View\{closure}()
 6 SYSTEMPATH\Common.php(1188): CodeIgniter\View\View->render('website', [], true)
 7 APPPATH\Controllers\AdminController.php(11): view('website')
 8 SYSTEMPATH\CodeIgniter.php(919): App\Controllers\AdminController->website()
 9 SYSTEMPATH\CodeIgniter.php(494): CodeIgniter\CodeIgniter->runController(Object(App\Controllers\AdminController))
10 SYSTEMPATH\CodeIgniter.php(353): CodeIgniter\CodeIgniter->handleRequest(null, Object(Config\Cache), false)
11 FCPATH\index.php(79): CodeIgniter\CodeIgniter->run()
12 SYSTEMPATH\Commands\Server\rewrite.php(47): require_once('C:\\laragon\\www\\ebike\\public\\index.php')
CRITICAL - 2023-11-01 05:32:10 --> Invalid file: "include/chart.php"
in SYSTEMPATH\Exceptions\FrameworkException.php on line 39.
 1 SYSTEMPATH\View\View.php(214): CodeIgniter\Exceptions\FrameworkException::forInvalidFile('include/chart.php')
 2 SYSTEMPATH\View\View.php(467): CodeIgniter\View\View->render('include/chart', null, true)
 3 APPPATH\Views\website.php(7): CodeIgniter\View\View->include('include/chart')
 4 SYSTEMPATH\View\View.php(226): include('C:\\laragon\\www\\ebike\\app\\Views\\website.php')
 5 SYSTEMPATH\View\View.php(229): CodeIgniter\View\View->CodeIgniter\View\{closure}()
 6 SYSTEMPATH\Common.php(1188): CodeIgniter\View\View->render('website', [], true)
 7 APPPATH\Controllers\AdminController.php(11): view('website')
 8 SYSTEMPATH\CodeIgniter.php(919): App\Controllers\AdminController->website()
 9 SYSTEMPATH\CodeIgniter.php(494): CodeIgniter\CodeIgniter->runController(Object(App\Controllers\AdminController))
10 SYSTEMPATH\CodeIgniter.php(353): CodeIgniter\CodeIgniter->handleRequest(null, Object(Config\Cache), false)
11 FCPATH\index.php(79): CodeIgniter\CodeIgniter->run()
12 SYSTEMPATH\Commands\Server\rewrite.php(47): require_once('C:\\laragon\\www\\ebike\\public\\index.php')
